This file contains any messages produced by compilers while
running configure, to aid debugging if configure makes a mistake.

It was created by configure, which was
generated by GNU Autoconf 2.57.  Invocation command line was

  $ ./configure --prefix=/usr/local/mdsplus --exec-prefix=/usr/local/mdsplus

## --------- ##
## Platform. ##
## --------- ##

hostname = hoy3
uname -m = x86_64
uname -r = 3.12.9-201.fc19.x86_64
uname -s = Linux
uname -v = #1 SMP Wed Jan 29 15:44:35 UTC 2014

/usr/bin/uname -p = x86_64
/bin/uname -X     = unknown

/bin/arch              = x86_64
/usr/bin/arch -k       = unknown
/usr/convex/getsysinfo = unknown
hostinfo               = unknown
/bin/machine           = unknown
/usr/bin/oslevel       = unknown
/bin/universe          = unknown

PATH: /usr/lib64/qt-3.3/bin
PATH: /usr/NX/bin
PATH: /usr/lib64/ccache
PATH: /usr/local/bin
PATH: /usr/bin
PATH: /bin
PATH: /usr/local/sbin
PATH: /usr/sbin
PATH: /usr/local/arm/4.1.1/bin/
PATH: /opt/Xilinx/SDK/2013.2/gnu/arm/lin/bin/
PATH: /home/pgm/.local/bin
PATH: /home/pgm/bin
PATH: /usr/local/arm/4.1.1/bin/
PATH: /opt/Xilinx/SDK/2013.2/gnu/arm/lin/bin/


## ----------- ##
## Core tests. ##
## ----------- ##

configure:1323: checking build system type
configure:1341: result: x86_64-unknown-linux-gnu
configure:1349: checking host system type
configure:1363: result: x86_64-unknown-linux-gnu
configure:1371: checking target system type
configure:1385: result: x86_64-unknown-linux-gnu
configure:1454: checking for gcc
configure:1470: found /usr/lib64/ccache/gcc
configure:1480: result: gcc
configure:1724: checking for C compiler version
configure:1727: gcc --version </dev/null >&5
gcc (GCC) 4.8.2 20131212 (Red Hat 4.8.2-7)
Copyright (C) 2013 Free Software Foundation, Inc.
This is free software; see the source for copying conditions.  There is NO
warranty; not even for MERCHANTABILITY or FITNESS FOR A PARTICULAR PURPOSE.

configure:1730: $? = 0
configure:1732: gcc -v </dev/null >&5
Using built-in specs.
COLLECT_GCC=/usr/bin/gcc
COLLECT_LTO_WRAPPER=/usr/libexec/gcc/x86_64-redhat-linux/4.8.2/lto-wrapper
Target: x86_64-redhat-linux
Configured with: ../configure --prefix=/usr --mandir=/usr/share/man --infodir=/usr/share/info --with-bugurl=http://bugzilla.redhat.com/bugzilla --enable-bootstrap --enable-shared --enable-threads=posix --enable-checking=release --with-system-zlib --enable-__cxa_atexit --disable-libunwind-exceptions --enable-gnu-unique-object --enable-linker-build-id --with-linker-hash-style=gnu --enable-languages=c,c++,objc,obj-c++,java,fortran,ada,go,lto --enable-plugin --enable-initfini-array --enable-java-awt=gtk --disable-dssi --with-java-home=/usr/lib/jvm/java-1.5.0-gcj-1.5.0.0/jre --enable-libgcj-multifile --enable-java-maintainer-mode --with-ecj-jar=/usr/share/java/eclipse-ecj.jar --disable-libjava-multilib --with-isl=/builddir/build/BUILD/gcc-4.8.2-20131212/obj-x86_64-redhat-linux/isl-install --with-cloog=/builddir/build/BUILD/gcc-4.8.2-20131212/obj-x86_64-redhat-linux/cloog-install --with-tune=generic --with-arch_32=i686 --build=x86_64-redhat-linux
Thread model: posix
gcc version 4.8.2 20131212 (Red Hat 4.8.2-7) (GCC) 
configure:1735: $? = 0
configure:1737: gcc -V </dev/null >&5
gcc: error: unrecognized command line option '-V'
gcc: fatal error: no input files
compilation terminated.
configure:1740: $? = 4
configure:1764: checking for C compiler default output
configure:1767: gcc    conftest.c  >&5
configure:1770: $? = 0
configure:1816: result: a.out
configure:1821: checking whether the C compiler works
configure:1827: ./a.out
configure:1830: $? = 0
configure:1847: result: yes
configure:1854: checking whether we are cross compiling
configure:1856: result: no
configure:1859: checking for suffix of executables
configure:1861: gcc -o conftest    conftest.c  >&5
configure:1864: $? = 0
configure:1889: result: 
configure:1895: checking for suffix of object files
configure:1917: gcc -c   conftest.c >&5
configure:1920: $? = 0
configure:1942: result: o
configure:1946: checking whether we are using the GNU C compiler
configure:1971: gcc -c   conftest.c >&5
configure:1974: $? = 0
configure:1977: test -s conftest.o
configure:1980: $? = 0
configure:1993: result: yes
configure:1999: checking whether gcc accepts -g
configure:2021: gcc -c -g  conftest.c >&5
configure:2024: $? = 0
configure:2027: test -s conftest.o
configure:2030: $? = 0
configure:2041: result: yes
configure:2058: checking for gcc option to accept ANSI C
configure:2119: gcc  -c -g -O2  conftest.c >&5
configure:2122: $? = 0
configure:2125: test -s conftest.o
configure:2128: $? = 0
configure:2146: result: none needed
configure:2164: gcc -c -g -O2  conftest.c >&5
conftest.c:2:3: error: unknown type name 'choke'
   choke me
   ^
conftest.c:2:3: error: expected '=', ',', ';', 'asm' or '__attribute__' at end of input
configure:2167: $? = 1
configure: failed program was:
| #ifndef __cplusplus
|   choke me
| #endif
configure:2282: checking how to run the C preprocessor
configure:2318: gcc -E  conftest.c
configure:2324: $? = 0
configure:2356: gcc -E  conftest.c
configure:2355:28: fatal error: ac_nonexistent.h: No such file or directory
 _ACEOF
                            ^
compilation terminated.
configure:2362: $? = 1
configure: failed program was:
| #line 2347 "configure"
| /* confdefs.h.  */
| 
| #define PACKAGE_NAME ""
| #define PACKAGE_TARNAME ""
| #define PACKAGE_VERSION ""
| #define PACKAGE_STRING ""
| #define PACKAGE_BUGREPORT ""
| /* end confdefs.h.  */
| #include <ac_nonexistent.h>
configure:2400: result: gcc -E
configure:2425: gcc -E  conftest.c
configure:2431: $? = 0
configure:2463: gcc -E  conftest.c
configure:2462:28: fatal error: ac_nonexistent.h: No such file or directory
 _ACEOF
                            ^
compilation terminated.
configure:2469: $? = 1
configure: failed program was:
| #line 2454 "configure"
| /* confdefs.h.  */
| 
| #define PACKAGE_NAME ""
| #define PACKAGE_TARNAME ""
| #define PACKAGE_VERSION ""
| #define PACKAGE_STRING ""
| #define PACKAGE_BUGREPORT ""
| /* end confdefs.h.  */
| #include <ac_nonexistent.h>
configure:2512: checking for egrep
configure:2522: result: grep -E
configure:2527: checking for ANSI C header files
configure:2553: gcc -c -g -O2  conftest.c >&5
configure:2556: $? = 0
configure:2559: test -s conftest.o
configure:2562: $? = 0
configure:2654: gcc -o conftest -g -O2   conftest.c  >&5
configure: In function 'main':
configure:2647:7: warning: incompatible implicit declaration of built-in function 'exit' [enabled by default]
     if (XOR (islower (i), ISLOWER (i))
       ^
configure:2657: $? = 0
configure:2659: ./conftest
configure:2662: $? = 0
configure:2677: result: yes
configure:2701: checking for sys/types.h
configure:2718: gcc -c -g -O2  conftest.c >&5
configure:2721: $? = 0
configure:2724: test -s conftest.o
configure:2727: $? = 0
configure:2738: result: yes
configure:2701: checking for sys/stat.h
configure:2718: gcc -c -g -O2  conftest.c >&5
configure:2721: $? = 0
configure:2724: test -s conftest.o
configure:2727: $? = 0
configure:2738: result: yes
configure:2701: checking for stdlib.h
configure:2718: gcc -c -g -O2  conftest.c >&5
configure:2721: $? = 0
configure:2724: test -s conftest.o
configure:2727: $? = 0
configure:2738: result: yes
configure:2701: checking for string.h
configure:2718: gcc -c -g -O2  conftest.c >&5
configure:2721: $? = 0
configure:2724: test -s conftest.o
configure:2727: $? = 0
configure:2738: result: yes
configure:2701: checking for memory.h
configure:2718: gcc -c -g -O2  conftest.c >&5
configure:2721: $? = 0
configure:2724: test -s conftest.o
configure:2727: $? = 0
configure:2738: result: yes
configure:2701: checking for strings.h
configure:2718: gcc -c -g -O2  conftest.c >&5
configure:2721: $? = 0
configure:2724: test -s conftest.o
configure:2727: $? = 0
configure:2738: result: yes
configure:2701: checking for inttypes.h
configure:2718: gcc -c -g -O2  conftest.c >&5
configure:2721: $? = 0
configure:2724: test -s conftest.o
configure:2727: $? = 0
configure:2738: result: yes
configure:2701: checking for stdint.h
configure:2718: gcc -c -g -O2  conftest.c >&5
configure:2721: $? = 0
configure:2724: test -s conftest.o
configure:2727: $? = 0
configure:2738: result: yes
configure:2701: checking for unistd.h
configure:2718: gcc -c -g -O2  conftest.c >&5
configure:2721: $? = 0
configure:2724: test -s conftest.o
configure:2727: $? = 0
configure:2738: result: yes
configure:2750: checking for int *
configure:2775: gcc -c -g -O2  conftest.c >&5
configure:2778: $? = 0
configure:2781: test -s conftest.o
configure:2784: $? = 0
configure:2795: result: yes
configure:2798: checking size of int *
configure:3073: gcc -o conftest -g -O2   conftest.c  >&5
configure:3076: $? = 0
configure:3078: ./conftest
configure:3081: $? = 0
configure:3104: result: 8
configure:3169: checking for g77
configure:3198: result: no
configure:3169: checking for f77
configure:3198: result: no
configure:3169: checking for xlf
configure:3198: result: no
configure:3169: checking for frt
configure:3198: result: no
configure:3169: checking for pgf77
configure:3198: result: no
configure:3169: checking for fl32
configure:3198: result: no
configure:3169: checking for af77
configure:3198: result: no
configure:3169: checking for fort77
configure:3198: result: no
configure:3169: checking for f90
configure:3198: result: no
configure:3169: checking for xlf90
configure:3198: result: no
configure:3169: checking for pgf90
configure:3198: result: no
configure:3169: checking for epcf90
configure:3198: result: no
configure:3169: checking for f95
configure:3185: found /usr/bin/f95
configure:3195: result: f95
configure:3210: checking for Fortran 77 compiler version
configure:3213: f95 --version </dev/null >&5
GNU Fortran (GCC) 4.8.2 20131212 (Red Hat 4.8.2-7)
Copyright (C) 2013 Free Software Foundation, Inc.

GNU Fortran comes with NO WARRANTY, to the extent permitted by law.
You may redistribute copies of GNU Fortran
under the terms of the GNU General Public License.
For more information about these matters, see the file named COPYING

configure:3216: $? = 0
configure:3218: f95 -v </dev/null >&5
Using built-in specs.
COLLECT_GCC=f95
COLLECT_LTO_WRAPPER=/usr/libexec/gcc/x86_64-redhat-linux/4.8.2/lto-wrapper
Target: x86_64-redhat-linux
Configured with: ../configure --prefix=/usr --mandir=/usr/share/man --infodir=/usr/share/info --with-bugurl=http://bugzilla.redhat.com/bugzilla --enable-bootstrap --enable-shared --enable-threads=posix --enable-checking=release --with-system-zlib --enable-__cxa_atexit --disable-libunwind-exceptions --enable-gnu-unique-object --enable-linker-build-id --with-linker-hash-style=gnu --enable-languages=c,c++,objc,obj-c++,java,fortran,ada,go,lto --enable-plugin --enable-initfini-array --enable-java-awt=gtk --disable-dssi --with-java-home=/usr/lib/jvm/java-1.5.0-gcj-1.5.0.0/jre --enable-libgcj-multifile --enable-java-maintainer-mode --with-ecj-jar=/usr/share/java/eclipse-ecj.jar --disable-libjava-multilib --with-isl=/builddir/build/BUILD/gcc-4.8.2-20131212/obj-x86_64-redhat-linux/isl-install --with-cloog=/builddir/build/BUILD/gcc-4.8.2-20131212/obj-x86_64-redhat-linux/cloog-install --with-tune=generic --with-arch_32=i686 --build=x86_64-redhat-linux
Thread model: posix
gcc version 4.8.2 20131212 (Red Hat 4.8.2-7) (GCC) 
configure:3221: $? = 0
configure:3223: f95 -V </dev/null >&5
f95: error: unrecognized command line option '-V'
f95: fatal error: no input files
compilation terminated.
configure:3226: $? = 4
configure:3233: checking whether we are using the GNU Fortran 77 compiler
configure:3247: f95 -c  conftest.F >&5
configure:3250: $? = 0
configure:3253: test -s conftest.o
configure:3256: $? = 0
configure:3269: result: yes
configure:3276: checking whether f95 accepts -g
configure:3288: f95 -c -g conftest.f >&5
configure:3291: $? = 0
configure:3294: test -s conftest.o
configure:3297: $? = 0
configure:3309: result: yes
configure:3380: checking for gcc
configure:3406: result: gcc
configure:3650: checking for C compiler version
configure:3653: gcc --version </dev/null >&5
gcc (GCC) 4.8.2 20131212 (Red Hat 4.8.2-7)
Copyright (C) 2013 Free Software Foundation, Inc.
This is free software; see the source for copying conditions.  There is NO
warranty; not even for MERCHANTABILITY or FITNESS FOR A PARTICULAR PURPOSE.

configure:3656: $? = 0
configure:3658: gcc -v </dev/null >&5
Using built-in specs.
COLLECT_GCC=/usr/bin/gcc
COLLECT_LTO_WRAPPER=/usr/libexec/gcc/x86_64-redhat-linux/4.8.2/lto-wrapper
Target: x86_64-redhat-linux
Configured with: ../configure --prefix=/usr --mandir=/usr/share/man --infodir=/usr/share/info --with-bugurl=http://bugzilla.redhat.com/bugzilla --enable-bootstrap --enable-shared --enable-threads=posix --enable-checking=release --with-system-zlib --enable-__cxa_atexit --disable-libunwind-exceptions --enable-gnu-unique-object --enable-linker-build-id --with-linker-hash-style=gnu --enable-languages=c,c++,objc,obj-c++,java,fortran,ada,go,lto --enable-plugin --enable-initfini-array --enable-java-awt=gtk --disable-dssi --with-java-home=/usr/lib/jvm/java-1.5.0-gcj-1.5.0.0/jre --enable-libgcj-multifile --enable-java-maintainer-mode --with-ecj-jar=/usr/share/java/eclipse-ecj.jar --disable-libjava-multilib --with-isl=/builddir/build/BUILD/gcc-4.8.2-20131212/obj-x86_64-redhat-linux/isl-install --with-cloog=/builddir/build/BUILD/gcc-4.8.2-20131212/obj-x86_64-redhat-linux/cloog-install --with-tune=generic --with-arch_32=i686 --build=x86_64-redhat-linux
Thread model: posix
gcc version 4.8.2 20131212 (Red Hat 4.8.2-7) (GCC) 
configure:3661: $? = 0
configure:3663: gcc -V </dev/null >&5
gcc: error: unrecognized command line option '-V'
gcc: fatal error: no input files
compilation terminated.
configure:3666: $? = 4
configure:3669: checking whether we are using the GNU C compiler
configure:3716: result: yes
configure:3722: checking whether gcc accepts -g
configure:3764: result: yes
configure:3781: checking for gcc option to accept ANSI C
configure:3869: result: none needed
configure:3887: gcc -c -g -O2  conftest.c >&5
conftest.c:2:3: error: unknown type name 'choke'
   choke me
   ^
conftest.c:2:3: error: expected '=', ',', ';', 'asm' or '__attribute__' at end of input
configure:3890: $? = 1
configure: failed program was:
| #ifndef __cplusplus
|   choke me
| #endif
configure:4167: checking for Fortran 77 compiler version
configure:4170: f95 --version </dev/null >&5
GNU Fortran (GCC) 4.8.2 20131212 (Red Hat 4.8.2-7)
Copyright (C) 2013 Free Software Foundation, Inc.

GNU Fortran comes with NO WARRANTY, to the extent permitted by law.
You may redistribute copies of GNU Fortran
under the terms of the GNU General Public License.
For more information about these matters, see the file named COPYING

configure:4173: $? = 0
configure:4175: f95 -v </dev/null >&5
Using built-in specs.
COLLECT_GCC=f95
COLLECT_LTO_WRAPPER=/usr/libexec/gcc/x86_64-redhat-linux/4.8.2/lto-wrapper
Target: x86_64-redhat-linux
Configured with: ../configure --prefix=/usr --mandir=/usr/share/man --infodir=/usr/share/info --with-bugurl=http://bugzilla.redhat.com/bugzilla --enable-bootstrap --enable-shared --enable-threads=posix --enable-checking=release --with-system-zlib --enable-__cxa_atexit --disable-libunwind-exceptions --enable-gnu-unique-object --enable-linker-build-id --with-linker-hash-style=gnu --enable-languages=c,c++,objc,obj-c++,java,fortran,ada,go,lto --enable-plugin --enable-initfini-array --enable-java-awt=gtk --disable-dssi --with-java-home=/usr/lib/jvm/java-1.5.0-gcj-1.5.0.0/jre --enable-libgcj-multifile --enable-java-maintainer-mode --with-ecj-jar=/usr/share/java/eclipse-ecj.jar --disable-libjava-multilib --with-isl=/builddir/build/BUILD/gcc-4.8.2-20131212/obj-x86_64-redhat-linux/isl-install --with-cloog=/builddir/build/BUILD/gcc-4.8.2-20131212/obj-x86_64-redhat-linux/cloog-install --with-tune=generic --with-arch_32=i686 --build=x86_64-redhat-linux
Thread model: posix
gcc version 4.8.2 20131212 (Red Hat 4.8.2-7) (GCC) 
configure:4178: $? = 0
configure:4180: f95 -V </dev/null >&5
f95: error: unrecognized command line option '-V'
f95: fatal error: no input files
compilation terminated.
configure:4183: $? = 4
configure:4190: checking whether we are using the GNU Fortran 77 compiler
configure:4226: result: yes
configure:4233: checking whether f95 accepts -g
configure:4266: result: yes
configure:4316: checking for presence of java jdk in /usr/java
configure:4331: result: found. Will use /usr/java/jdk1.7.0_25
configure:4532: checking "libdb1394 - firewire camera support library"
configure:4609: checking for ranlib
configure:4625: found /usr/bin/ranlib
configure:4636: result: ranlib
configure:4648: checking for ps sysv style arguments
configure:4660: result: yes
configure:4700: gcc -c -g -O2   -I$(top_srcdir)/include -fpic  conftest.c >&5
configure:4703: $? = 0
configure:4706: test -s conftest.o
configure:4709: $? = 0
configure:4728: checking if JNI libraries are different
configure:4735: result: no
configure:4744: checking for printf in -lc
configure:4775: gcc -o conftest -g -O2   -I$(top_srcdir)/include -fpic   conftest.c -lc   >&5
configure:4779:6: warning: conflicting types for built-in function 'printf' [enabled by default]
   (exit $ac_status); } &&
      ^
configure:4778: $? = 0
configure:4781: test -s conftest
configure:4784: $? = 0
configure:4796: result: yes
configure:4808: checking for pow in -lm
configure:4839: gcc -o conftest -g -O2   -I$(top_srcdir)/include -fpic   conftest.c -lm  -lc  >&5
configure:4844:6: warning: conflicting types for built-in function 'pow' [enabled by default]
          { ac_try='test -s conftest$ac_exeext'
      ^
configure:4842: $? = 0
configure:4845: test -s conftest
configure:4848: $? = 0
configure:4860: result: yes
configure:4868: checking for __dn_skipname in -lresolv
configure:4899: gcc -o conftest -g -O2   -I$(top_srcdir)/include -fpic   conftest.c -lresolv  -lc  >&5
configure:4902: $? = 0
configure:4905: test -s conftest
configure:4908: $? = 0
configure:4920: result: yes
configure:4928: checking for dlopen in -ldl
configure:4959: gcc -o conftest -g -O2   -I$(top_srcdir)/include -fpic   conftest.c -ldl  -lc  >&5
configure:4962: $? = 0
configure:4965: test -s conftest
configure:4968: $? = 0
configure:4980: result: yes
configure:4988: checking for shl_load in -ldld
configure:5019: gcc -o conftest -g -O2   -I$(top_srcdir)/include -fpic   conftest.c -ldld  -lc  >&5
/usr/bin/ld: cannot find -ldld
collect2: error: ld returned 1 exit status
configure:5022: $? = 1
configure: failed program was:
| #line 4995 "configure"
| /* confdefs.h.  */
| 
| #define PACKAGE_NAME ""
| #define PACKAGE_TARNAME ""
| #define PACKAGE_VERSION ""
| #define PACKAGE_STRING ""
| #define PACKAGE_BUGREPORT ""
| #define STDC_HEADERS 1
| #define HAVE_SYS_TYPES_H 1
| #define HAVE_SYS_STAT_H 1
| #define HAVE_STDLIB_H 1
| #define HAVE_STRING_H 1
| #define HAVE_MEMORY_H 1
| #define HAVE_STRINGS_H 1
| #define HAVE_INTTYPES_H 1
| #define HAVE_STDINT_H 1
| #define HAVE_UNISTD_H 1
| #define SIZEOF_INT_P 8
| #define PS_SYSV 1
| #define HAVE_LL_CONSTANTS 1
| #define HAVE_LIBC 1
| /* end confdefs.h.  */
| 
| /* Override any gcc2 internal prototype to avoid an error.  */
| #ifdef __cplusplus
| extern "C"
| #endif
| /* We use char because int might match the return type of a gcc2
|    builtin and then its argument prototype would still apply.  */
| char shl_load ();
| int
| main ()
| {
| shl_load ();
|   ;
|   return 0;
| }
configure:5040: result: no
configure:5048: checking for gethostbyname in -lc
configure:5079: gcc -o conftest -g -O2   -I$(top_srcdir)/include -fpic   conftest.c -lc  -lc  >&5
configure:5082: $? = 0
configure:5085: test -s conftest
configure:5088: $? = 0
configure:5100: result: yes
configure:5226: checking for socket in -lc
configure:5257: gcc -o conftest -g -O2   -I$(top_srcdir)/include -fpic   conftest.c -lc  -lc  >&5
configure:5260: $? = 0
configure:5263: test -s conftest
configure:5266: $? = 0
configure:5278: result: yes
configure:5345: checking for gethostbyname in -ldnet_stub
configure:5376: gcc -o conftest -g -O2   -I$(top_srcdir)/include -fpic   conftest.c -ldnet_stub  -lc  >&5
/usr/bin/ld: cannot find -ldnet_stub
collect2: error: ld returned 1 exit status
configure:5379: $? = 1
configure: failed program was:
| #line 5352 "configure"
| /* confdefs.h.  */
| 
| #define PACKAGE_NAME ""
| #define PACKAGE_TARNAME ""
| #define PACKAGE_VERSION ""
| #define PACKAGE_STRING ""
| #define PACKAGE_BUGREPORT ""
| #define STDC_HEADERS 1
| #define HAVE_SYS_TYPES_H 1
| #define HAVE_SYS_STAT_H 1
| #define HAVE_STDLIB_H 1
| #define HAVE_STRING_H 1
| #define HAVE_MEMORY_H 1
| #define HAVE_STRINGS_H 1
| #define HAVE_INTTYPES_H 1
| #define HAVE_STDINT_H 1
| #define HAVE_UNISTD_H 1
| #define SIZEOF_INT_P 8
| #define PS_SYSV 1
| #define HAVE_LL_CONSTANTS 1
| #define HAVE_LIBC 1
| /* end confdefs.h.  */
| 
| /* Override any gcc2 internal prototype to avoid an error.  */
| #ifdef __cplusplus
| extern "C"
| #endif
| /* We use char because int might match the return type of a gcc2
|    builtin and then its argument prototype would still apply.  */
| char gethostbyname ();
| int
| main ()
| {
| gethostbyname ();
|   ;
|   return 0;
| }
configure:5397: result: no
configure:5405: checking for pthread_kill in -lpthread
configure:5436: gcc -o conftest -g -O2   -I$(top_srcdir)/include -fpic   conftest.c -lpthread  -lc  >&5
configure:5439: $? = 0
configure:5442: test -s conftest
configure:5445: $? = 0
configure:5457: result: yes
configure:5524: checking for __Ots_CSpecificHandler in -lexc
configure:5555: gcc -o conftest -g -O2   -I$(top_srcdir)/include -fpic   conftest.c -lexc  -lc  >&5
/usr/bin/ld: cannot find -lexc
collect2: error: ld returned 1 exit status
configure:5558: $? = 1
configure: failed program was:
| #line 5531 "configure"
| /* confdefs.h.  */
| 
| #define PACKAGE_NAME ""
| #define PACKAGE_TARNAME ""
| #define PACKAGE_VERSION ""
| #define PACKAGE_STRING ""
| #define PACKAGE_BUGREPORT ""
| #define STDC_HEADERS 1
| #define HAVE_SYS_TYPES_H 1
| #define HAVE_SYS_STAT_H 1
| #define HAVE_STDLIB_H 1
| #define HAVE_STRING_H 1
| #define HAVE_MEMORY_H 1
| #define HAVE_STRINGS_H 1
| #define HAVE_INTTYPES_H 1
| #define HAVE_STDINT_H 1
| #define HAVE_UNISTD_H 1
| #define SIZEOF_INT_P 8
| #define PS_SYSV 1
| #define HAVE_LL_CONSTANTS 1
| #define HAVE_LIBC 1
| /* end confdefs.h.  */
| 
| /* Override any gcc2 internal prototype to avoid an error.  */
| #ifdef __cplusplus
| extern "C"
| #endif
| /* We use char because int might match the return type of a gcc2
|    builtin and then its argument prototype would still apply.  */
| char __Ots_CSpecificHandler ();
| int
| main ()
| {
| __Ots_CSpecificHandler ();
|   ;
|   return 0;
| }
configure:5576: result: no
configure:5582: checking for pthread_lock_global_np in -lpthread
configure:5613: gcc -o conftest -g -O2   -I$(top_srcdir)/include -fpic   conftest.c -lpthread  -lc  >&5
/tmp/ccAo0WGA.o: In function `main':
/home/pgm/PROJECTS/ACQ400/TOOLS/MDSSHELL/mdsplus/configure:5622: undefined reference to `pthread_lock_global_np'
collect2: error: ld returned 1 exit status
configure:5616: $? = 1
configure: failed program was:
| #line 5589 "configure"
| /* confdefs.h.  */
| 
| #define PACKAGE_NAME ""
| #define PACKAGE_TARNAME ""
| #define PACKAGE_VERSION ""
| #define PACKAGE_STRING ""
| #define PACKAGE_BUGREPORT ""
| #define STDC_HEADERS 1
| #define HAVE_SYS_TYPES_H 1
| #define HAVE_SYS_STAT_H 1
| #define HAVE_STDLIB_H 1
| #define HAVE_STRING_H 1
| #define HAVE_MEMORY_H 1
| #define HAVE_STRINGS_H 1
| #define HAVE_INTTYPES_H 1
| #define HAVE_STDINT_H 1
| #define HAVE_UNISTD_H 1
| #define SIZEOF_INT_P 8
| #define PS_SYSV 1
| #define HAVE_LL_CONSTANTS 1
| #define HAVE_LIBC 1
| /* end confdefs.h.  */
| 
| /* Override any gcc2 internal prototype to avoid an error.  */
| #ifdef __cplusplus
| extern "C"
| #endif
| /* We use char because int might match the return type of a gcc2
|    builtin and then its argument prototype would still apply.  */
| char pthread_lock_global_np ();
| int
| main ()
| {
| pthread_lock_global_np ();
|   ;
|   return 0;
| }
configure:5634: result: no
configure:5643: checking for __pthread_lock_global_np in -lpthread
configure:5674: gcc -o conftest -g -O2   -I$(top_srcdir)/include -fpic   conftest.c -lpthread  -lc  >&5
/tmp/ccUsPxAD.o: In function `main':
/home/pgm/PROJECTS/ACQ400/TOOLS/MDSSHELL/mdsplus/configure:5683: undefined reference to `__pthread_lock_global_np'
collect2: error: ld returned 1 exit status
configure:5677: $? = 1
configure: failed program was:
| #line 5650 "configure"
| /* confdefs.h.  */
| 
| #define PACKAGE_NAME ""
| #define PACKAGE_TARNAME ""
| #define PACKAGE_VERSION ""
| #define PACKAGE_STRING ""
| #define PACKAGE_BUGREPORT ""
| #define STDC_HEADERS 1
| #define HAVE_SYS_TYPES_H 1
| #define HAVE_SYS_STAT_H 1
| #define HAVE_STDLIB_H 1
| #define HAVE_STRING_H 1
| #define HAVE_MEMORY_H 1
| #define HAVE_STRINGS_H 1
| #define HAVE_INTTYPES_H 1
| #define HAVE_STDINT_H 1
| #define HAVE_UNISTD_H 1
| #define SIZEOF_INT_P 8
| #define PS_SYSV 1
| #define HAVE_LL_CONSTANTS 1
| #define HAVE_LIBC 1
| /* end confdefs.h.  */
| 
| /* Override any gcc2 internal prototype to avoid an error.  */
| #ifdef __cplusplus
| extern "C"
| #endif
| /* We use char because int might match the return type of a gcc2
|    builtin and then its argument prototype would still apply.  */
| char __pthread_lock_global_np ();
| int
| main ()
| {
| __pthread_lock_global_np ();
|   ;
|   return 0;
| }
configure:5695: result: no
configure:5704: checking for pthread_mutexattr_settype in -lpthread
configure:5735: gcc -o conftest -g -O2   -I$(top_srcdir)/include -fpic   conftest.c -lpthread  -lc  >&5
configure:5738: $? = 0
configure:5741: test -s conftest
configure:5744: $? = 0
configure:5756: result: yes
configure:5765: checking for pthread_mutexattr_setkind_np in -lpthread
configure:5796: gcc -o conftest -g -O2   -I$(top_srcdir)/include -fpic   conftest.c -lpthread  -lc  >&5
configure:5799: $? = 0
configure:5802: test -s conftest
configure:5805: $? = 0
configure:5817: result: yes
configure:5826: checking for readline in -lreadline
configure:5857: gcc -o conftest -g -O2   -I$(top_srcdir)/include -fpic   conftest.c -lreadline -lcurses -lc  >&5
configure:5860: $? = 0
configure:5863: test -s conftest
configure:5866: $? = 0
configure:5878: result: yes
configure:5946: checking stdarg.h usability
configure:5959: gcc -c -g -O2   -I$(top_srcdir)/include -fpic  conftest.c >&5
configure:5962: $? = 0
configure:5965: test -s conftest.o
configure:5968: $? = 0
configure:5978: result: yes
configure:5982: checking stdarg.h presence
configure:5993: gcc -E  conftest.c
configure:5999: $? = 0
configure:6018: result: yes
configure:6054: checking for stdarg.h
configure:6061: result: yes
configure:5946: checking fcntl.h usability
configure:5959: gcc -c -g -O2   -I$(top_srcdir)/include -fpic  conftest.c >&5
configure:5962: $? = 0
configure:5965: test -s conftest.o
configure:5968: $? = 0
configure:5978: result: yes
configure:5982: checking fcntl.h presence
configure:5993: gcc -E  conftest.c
configure:5999: $? = 0
configure:6018: result: yes
configure:6054: checking for fcntl.h
configure:6061: result: yes
configure:5937: checking for strings.h
configure:5942: result: yes
configure:5946: checking sys/ioctl.h usability
configure:5959: gcc -c -g -O2   -I$(top_srcdir)/include -fpic  conftest.c >&5
configure:5962: $? = 0
configure:5965: test -s conftest.o
configure:5968: $? = 0
configure:5978: result: yes
configure:5982: checking sys/ioctl.h presence
configure:5993: gcc -E  conftest.c
configure:5999: $? = 0
configure:6018: result: yes
configure:6054: checking for sys/ioctl.h
configure:6061: result: yes
configure:5946: checking syslog.h usability
configure:5959: gcc -c -g -O2   -I$(top_srcdir)/include -fpic  conftest.c >&5
configure:5962: $? = 0
configure:5965: test -s conftest.o
configure:5968: $? = 0
configure:5978: result: yes
configure:5982: checking syslog.h presence
configure:5993: gcc -E  conftest.c
configure:5999: $? = 0
configure:6018: result: yes
configure:6054: checking for syslog.h
configure:6061: result: yes
configure:5937: checking for unistd.h
configure:5942: result: yes
configure:5946: checking sys/filio.h usability
configure:5959: gcc -c -g -O2   -I$(top_srcdir)/include -fpic  conftest.c >&5
configure:6012:23: fatal error: sys/filio.h: No such file or directory
   echo "$as_me: failed program was:" >&5
                       ^
compilation terminated.
configure:5962: $? = 1
configure: failed program was:
| #line 5948 "configure"
| /* confdefs.h.  */
| 
| #define PACKAGE_NAME ""
| #define PACKAGE_TARNAME ""
| #define PACKAGE_VERSION ""
| #define PACKAGE_STRING ""
| #define PACKAGE_BUGREPORT ""
| #define STDC_HEADERS 1
| #define HAVE_SYS_TYPES_H 1
| #define HAVE_SYS_STAT_H 1
| #define HAVE_STDLIB_H 1
| #define HAVE_STRING_H 1
| #define HAVE_MEMORY_H 1
| #define HAVE_STRINGS_H 1
| #define HAVE_INTTYPES_H 1
| #define HAVE_STDINT_H 1
| #define HAVE_UNISTD_H 1
| #define SIZEOF_INT_P 8
| #define PS_SYSV 1
| #define HAVE_LL_CONSTANTS 1
| #define HAVE_LIBC 1
| #define HAVE_PTHREAD_MUTEXATTR_SETTYPE 1
| #define HAVE_PTHREAD_MUTEXATTR_SETKIND 1
| #define HAVE_STDARG_H 1
| #define HAVE_FCNTL_H 1
| #define HAVE_STRINGS_H 1
| #define HAVE_SYS_IOCTL_H 1
| #define HAVE_SYSLOG_H 1
| #define HAVE_UNISTD_H 1
| /* end confdefs.h.  */
| #include <stdio.h>
| #if HAVE_SYS_TYPES_H
| # include <sys/types.h>
| #endif
| #if HAVE_SYS_STAT_H
| # include <sys/stat.h>
| #endif
| #if STDC_HEADERS
| # include <stdlib.h>
| # include <stddef.h>
| #else
| # if HAVE_STDLIB_H
| #  include <stdlib.h>
| # endif
| #endif
| #if HAVE_STRING_H
| # if !STDC_HEADERS && HAVE_MEMORY_H
| #  include <memory.h>
| # endif
| # include <string.h>
| #endif
| #if HAVE_STRINGS_H
| # include <strings.h>
| #endif
| #if HAVE_INTTYPES_H
| # include <inttypes.h>
| #else
| # if HAVE_STDINT_H
| #  include <stdint.h>
| # endif
| #endif
| #if HAVE_UNISTD_H
| # include <unistd.h>
| #endif
| #include <sys/filio.h>
configure:5978: result: no
configure:5982: checking sys/filio.h presence
configure:5993: gcc -E  conftest.c
configure:6014:23: fatal error: sys/filio.h: No such file or directory
 
                       ^
compilation terminated.
configure:5999: $? = 1
configure: failed program was:
| #line 5984 "configure"
| /* confdefs.h.  */
| 
| #define PACKAGE_NAME ""
| #define PACKAGE_TARNAME ""
| #define PACKAGE_VERSION ""
| #define PACKAGE_STRING ""
| #define PACKAGE_BUGREPORT ""
| #define STDC_HEADERS 1
| #define HAVE_SYS_TYPES_H 1
| #define HAVE_SYS_STAT_H 1
| #define HAVE_STDLIB_H 1
| #define HAVE_STRING_H 1
| #define HAVE_MEMORY_H 1
| #define HAVE_STRINGS_H 1
| #define HAVE_INTTYPES_H 1
| #define HAVE_STDINT_H 1
| #define HAVE_UNISTD_H 1
| #define SIZEOF_INT_P 8
| #define PS_SYSV 1
| #define HAVE_LL_CONSTANTS 1
| #define HAVE_LIBC 1
| #define HAVE_PTHREAD_MUTEXATTR_SETTYPE 1
| #define HAVE_PTHREAD_MUTEXATTR_SETKIND 1
| #define HAVE_STDARG_H 1
| #define HAVE_FCNTL_H 1
| #define HAVE_STRINGS_H 1
| #define HAVE_SYS_IOCTL_H 1
| #define HAVE_SYSLOG_H 1
| #define HAVE_UNISTD_H 1
| /* end confdefs.h.  */
| #include <sys/filio.h>
configure:6018: result: no
configure:6054: checking for sys/filio.h
configure:6061: result: no
configure:5946: checking netdb.h usability
configure:5959: gcc -c -g -O2   -I$(top_srcdir)/include -fpic  conftest.c >&5
configure:5962: $? = 0
configure:5965: test -s conftest.o
configure:5968: $? = 0
configure:5978: result: yes
configure:5982: checking netdb.h presence
configure:5993: gcc -E  conftest.c
configure:5999: $? = 0
configure:6018: result: yes
configure:6054: checking for netdb.h
configure:6061: result: yes
configure:5946: checking resolv.h usability
configure:5959: gcc -c -g -O2   -I$(top_srcdir)/include -fpic  conftest.c >&5
configure:5962: $? = 0
configure:5965: test -s conftest.o
configure:5968: $? = 0
configure:5978: result: yes
configure:5982: checking resolv.h presence
configure:5993: gcc -E  conftest.c
configure:5999: $? = 0
configure:6018: result: yes
configure:6054: checking for resolv.h
configure:6061: result: yes
configure:6093: checking dlfcn.h usability
configure:6106: gcc -c -g -O2   -I$(top_srcdir)/include -fpic  conftest.c >&5
configure:6109: $? = 0
configure:6112: test -s conftest.o
configure:6115: $? = 0
configure:6125: result: yes
configure:6129: checking dlfcn.h presence
configure:6140: gcc -E  conftest.c
configure:6146: $? = 0
configure:6165: result: yes
configure:6201: checking for dlfcn.h
configure:6208: result: yes
configure:6093: checking dl.h usability
configure:6106: gcc -c -g -O2   -I$(top_srcdir)/include -fpic  conftest.c >&5
configure:6162:16: fatal error: dl.h: No such file or directory
   ac_header_preproc=no
                ^
compilation terminated.
configure:6109: $? = 1
configure: failed program was:
| #line 6095 "configure"
| /* confdefs.h.  */
| 
| #define PACKAGE_NAME ""
| #define PACKAGE_TARNAME ""
| #define PACKAGE_VERSION ""
| #define PACKAGE_STRING ""
| #define PACKAGE_BUGREPORT ""
| #define STDC_HEADERS 1
| #define HAVE_SYS_TYPES_H 1
| #define HAVE_SYS_STAT_H 1
| #define HAVE_STDLIB_H 1
| #define HAVE_STRING_H 1
| #define HAVE_MEMORY_H 1
| #define HAVE_STRINGS_H 1
| #define HAVE_INTTYPES_H 1
| #define HAVE_STDINT_H 1
| #define HAVE_UNISTD_H 1
| #define SIZEOF_INT_P 8
| #define PS_SYSV 1
| #define HAVE_LL_CONSTANTS 1
| #define HAVE_LIBC 1
| #define HAVE_PTHREAD_MUTEXATTR_SETTYPE 1
| #define HAVE_PTHREAD_MUTEXATTR_SETKIND 1
| #define HAVE_STDARG_H 1
| #define HAVE_FCNTL_H 1
| #define HAVE_STRINGS_H 1
| #define HAVE_SYS_IOCTL_H 1
| #define HAVE_SYSLOG_H 1
| #define HAVE_UNISTD_H 1
| #define HAVE_NETDB_H 1
| #define HAVE_RESOLV_H 1
| #define HAVE_DLFCN_H 1
| /* end confdefs.h.  */
| #include <stdio.h>
| #if HAVE_SYS_TYPES_H
| # include <sys/types.h>
| #endif
| #if HAVE_SYS_STAT_H
| # include <sys/stat.h>
| #endif
| #if STDC_HEADERS
| # include <stdlib.h>
| # include <stddef.h>
| #else
| # if HAVE_STDLIB_H
| #  include <stdlib.h>
| # endif
| #endif
| #if HAVE_STRING_H
| # if !STDC_HEADERS && HAVE_MEMORY_H
| #  include <memory.h>
| # endif
| # include <string.h>
| #endif
| #if HAVE_STRINGS_H
| # include <strings.h>
| #endif
| #if HAVE_INTTYPES_H
| # include <inttypes.h>
| #else
| # if HAVE_STDINT_H
| #  include <stdint.h>
| # endif
| #endif
| #if HAVE_UNISTD_H
| # include <unistd.h>
| #endif
| #include <dl.h>
configure:6125: result: no
configure:6129: checking dl.h presence
configure:6140: gcc -E  conftest.c
configure:6164:16: fatal error: dl.h: No such file or directory
 rm -f conftest.err conftest.$ac_ext
                ^
compilation terminated.
configure:6146: $? = 1
configure: failed program was:
| #line 6131 "configure"
| /* confdefs.h.  */
| 
| #define PACKAGE_NAME ""
| #define PACKAGE_TARNAME ""
| #define PACKAGE_VERSION ""
| #define PACKAGE_STRING ""
| #define PACKAGE_BUGREPORT ""
| #define STDC_HEADERS 1
| #define HAVE_SYS_TYPES_H 1
| #define HAVE_SYS_STAT_H 1
| #define HAVE_STDLIB_H 1
| #define HAVE_STRING_H 1
| #define HAVE_MEMORY_H 1
| #define HAVE_STRINGS_H 1
| #define HAVE_INTTYPES_H 1
| #define HAVE_STDINT_H 1
| #define HAVE_UNISTD_H 1
| #define SIZEOF_INT_P 8
| #define PS_SYSV 1
| #define HAVE_LL_CONSTANTS 1
| #define HAVE_LIBC 1
| #define HAVE_PTHREAD_MUTEXATTR_SETTYPE 1
| #define HAVE_PTHREAD_MUTEXATTR_SETKIND 1
| #define HAVE_STDARG_H 1
| #define HAVE_FCNTL_H 1
| #define HAVE_STRINGS_H 1
| #define HAVE_SYS_IOCTL_H 1
| #define HAVE_SYSLOG_H 1
| #define HAVE_UNISTD_H 1
| #define HAVE_NETDB_H 1
| #define HAVE_RESOLV_H 1
| #define HAVE_DLFCN_H 1
| /* end confdefs.h.  */
| #include <dl.h>
configure:6165: result: no
configure:6201: checking for dl.h
configure:6208: result: no
configure:6093: checking vxWorks.h usability
configure:6106: gcc -c -g -O2   -I$(top_srcdir)/include -fpic  conftest.c >&5
configure:6162:21: fatal error: vxWorks.h: No such file or directory
   ac_header_preproc=no
                     ^
compilation terminated.
configure:6109: $? = 1
configure: failed program was:
| #line 6095 "configure"
| /* confdefs.h.  */
| 
| #define PACKAGE_NAME ""
| #define PACKAGE_TARNAME ""
| #define PACKAGE_VERSION ""
| #define PACKAGE_STRING ""
| #define PACKAGE_BUGREPORT ""
| #define STDC_HEADERS 1
| #define HAVE_SYS_TYPES_H 1
| #define HAVE_SYS_STAT_H 1
| #define HAVE_STDLIB_H 1
| #define HAVE_STRING_H 1
| #define HAVE_MEMORY_H 1
| #define HAVE_STRINGS_H 1
| #define HAVE_INTTYPES_H 1
| #define HAVE_STDINT_H 1
| #define HAVE_UNISTD_H 1
| #define SIZEOF_INT_P 8
| #define PS_SYSV 1
| #define HAVE_LL_CONSTANTS 1
| #define HAVE_LIBC 1
| #define HAVE_PTHREAD_MUTEXATTR_SETTYPE 1
| #define HAVE_PTHREAD_MUTEXATTR_SETKIND 1
| #define HAVE_STDARG_H 1
| #define HAVE_FCNTL_H 1
| #define HAVE_STRINGS_H 1
| #define HAVE_SYS_IOCTL_H 1
| #define HAVE_SYSLOG_H 1
| #define HAVE_UNISTD_H 1
| #define HAVE_NETDB_H 1
| #define HAVE_RESOLV_H 1
| #define HAVE_DLFCN_H 1
| /* end confdefs.h.  */
| #include <stdio.h>
| #if HAVE_SYS_TYPES_H
| # include <sys/types.h>
| #endif
| #if HAVE_SYS_STAT_H
| # include <sys/stat.h>
| #endif
| #if STDC_HEADERS
| # include <stdlib.h>
| # include <stddef.h>
| #else
| # if HAVE_STDLIB_H
| #  include <stdlib.h>
| # endif
| #endif
| #if HAVE_STRING_H
| # if !STDC_HEADERS && HAVE_MEMORY_H
| #  include <memory.h>
| # endif
| # include <string.h>
| #endif
| #if HAVE_STRINGS_H
| # include <strings.h>
| #endif
| #if HAVE_INTTYPES_H
| # include <inttypes.h>
| #else
| # if HAVE_STDINT_H
| #  include <stdint.h>
| # endif
| #endif
| #if HAVE_UNISTD_H
| # include <unistd.h>
| #endif
| #include <vxWorks.h>
configure:6125: result: no
configure:6129: checking vxWorks.h presence
configure:6140: gcc -E  conftest.c
configure:6164:21: fatal error: vxWorks.h: No such file or directory
 rm -f conftest.err conftest.$ac_ext
                     ^
compilation terminated.
configure:6146: $? = 1
configure: failed program was:
| #line 6131 "configure"
| /* confdefs.h.  */
| 
| #define PACKAGE_NAME ""
| #define PACKAGE_TARNAME ""
| #define PACKAGE_VERSION ""
| #define PACKAGE_STRING ""
| #define PACKAGE_BUGREPORT ""
| #define STDC_HEADERS 1
| #define HAVE_SYS_TYPES_H 1
| #define HAVE_SYS_STAT_H 1
| #define HAVE_STDLIB_H 1
| #define HAVE_STRING_H 1
| #define HAVE_MEMORY_H 1
| #define HAVE_STRINGS_H 1
| #define HAVE_INTTYPES_H 1
| #define HAVE_STDINT_H 1
| #define HAVE_UNISTD_H 1
| #define SIZEOF_INT_P 8
| #define PS_SYSV 1
| #define HAVE_LL_CONSTANTS 1
| #define HAVE_LIBC 1
| #define HAVE_PTHREAD_MUTEXATTR_SETTYPE 1
| #define HAVE_PTHREAD_MUTEXATTR_SETKIND 1
| #define HAVE_STDARG_H 1
| #define HAVE_FCNTL_H 1
| #define HAVE_STRINGS_H 1
| #define HAVE_SYS_IOCTL_H 1
| #define HAVE_SYSLOG_H 1
| #define HAVE_UNISTD_H 1
| #define HAVE_NETDB_H 1
| #define HAVE_RESOLV_H 1
| #define HAVE_DLFCN_H 1
| /* end confdefs.h.  */
| #include <vxWorks.h>
configure:6165: result: no
configure:6201: checking for vxWorks.h
configure:6208: result: no
configure:6093: checking windows.h usability
configure:6106: gcc -c -g -O2   -I$(top_srcdir)/include -fpic  conftest.c >&5
configure:6162:21: fatal error: windows.h: No such file or directory
   ac_header_preproc=no
                     ^
compilation terminated.
configure:6109: $? = 1
configure: failed program was:
| #line 6095 "configure"
| /* confdefs.h.  */
| 
| #define PACKAGE_NAME ""
| #define PACKAGE_TARNAME ""
| #define PACKAGE_VERSION ""
| #define PACKAGE_STRING ""
| #define PACKAGE_BUGREPORT ""
| #define STDC_HEADERS 1
| #define HAVE_SYS_TYPES_H 1
| #define HAVE_SYS_STAT_H 1
| #define HAVE_STDLIB_H 1
| #define HAVE_STRING_H 1
| #define HAVE_MEMORY_H 1
| #define HAVE_STRINGS_H 1
| #define HAVE_INTTYPES_H 1
| #define HAVE_STDINT_H 1
| #define HAVE_UNISTD_H 1
| #define SIZEOF_INT_P 8
| #define PS_SYSV 1
| #define HAVE_LL_CONSTANTS 1
| #define HAVE_LIBC 1
| #define HAVE_PTHREAD_MUTEXATTR_SETTYPE 1
| #define HAVE_PTHREAD_MUTEXATTR_SETKIND 1
| #define HAVE_STDARG_H 1
| #define HAVE_FCNTL_H 1
| #define HAVE_STRINGS_H 1
| #define HAVE_SYS_IOCTL_H 1
| #define HAVE_SYSLOG_H 1
| #define HAVE_UNISTD_H 1
| #define HAVE_NETDB_H 1
| #define HAVE_RESOLV_H 1
| #define HAVE_DLFCN_H 1
| /* end confdefs.h.  */
| #include <stdio.h>
| #if HAVE_SYS_TYPES_H
| # include <sys/types.h>
| #endif
| #if HAVE_SYS_STAT_H
| # include <sys/stat.h>
| #endif
| #if STDC_HEADERS
| # include <stdlib.h>
| # include <stddef.h>
| #else
| # if HAVE_STDLIB_H
| #  include <stdlib.h>
| # endif
| #endif
| #if HAVE_STRING_H
| # if !STDC_HEADERS && HAVE_MEMORY_H
| #  include <memory.h>
| # endif
| # include <string.h>
| #endif
| #if HAVE_STRINGS_H
| # include <strings.h>
| #endif
| #if HAVE_INTTYPES_H
| # include <inttypes.h>
| #else
| # if HAVE_STDINT_H
| #  include <stdint.h>
| # endif
| #endif
| #if HAVE_UNISTD_H
| # include <unistd.h>
| #endif
| #include <windows.h>
configure:6125: result: no
configure:6129: checking windows.h presence
configure:6140: gcc -E  conftest.c
configure:6164:21: fatal error: windows.h: No such file or directory
 rm -f conftest.err conftest.$ac_ext
                     ^
compilation terminated.
configure:6146: $? = 1
configure: failed program was:
| #line 6131 "configure"
| /* confdefs.h.  */
| 
| #define PACKAGE_NAME ""
| #define PACKAGE_TARNAME ""
| #define PACKAGE_VERSION ""
| #define PACKAGE_STRING ""
| #define PACKAGE_BUGREPORT ""
| #define STDC_HEADERS 1
| #define HAVE_SYS_TYPES_H 1
| #define HAVE_SYS_STAT_H 1
| #define HAVE_STDLIB_H 1
| #define HAVE_STRING_H 1
| #define HAVE_MEMORY_H 1
| #define HAVE_STRINGS_H 1
| #define HAVE_INTTYPES_H 1
| #define HAVE_STDINT_H 1
| #define HAVE_UNISTD_H 1
| #define SIZEOF_INT_P 8
| #define PS_SYSV 1
| #define HAVE_LL_CONSTANTS 1
| #define HAVE_LIBC 1
| #define HAVE_PTHREAD_MUTEXATTR_SETTYPE 1
| #define HAVE_PTHREAD_MUTEXATTR_SETKIND 1
| #define HAVE_STDARG_H 1
| #define HAVE_FCNTL_H 1
| #define HAVE_STRINGS_H 1
| #define HAVE_SYS_IOCTL_H 1
| #define HAVE_SYSLOG_H 1
| #define HAVE_UNISTD_H 1
| #define HAVE_NETDB_H 1
| #define HAVE_RESOLV_H 1
| #define HAVE_DLFCN_H 1
| /* end confdefs.h.  */
| #include <windows.h>
configure:6165: result: no
configure:6201: checking for windows.h
configure:6208: result: no
configure:6093: checking sys/resource.h usability
configure:6106: gcc -c -g -O2   -I$(top_srcdir)/include -fpic  conftest.c >&5
configure:6109: $? = 0
configure:6112: test -s conftest.o
configure:6115: $? = 0
configure:6125: result: yes
configure:6129: checking sys/resource.h presence
configure:6140: gcc -E  conftest.c
configure:6146: $? = 0
configure:6165: result: yes
configure:6201: checking for sys/resource.h
configure:6208: result: yes
configure:6093: checking readline/readline.h usability
configure:6106: gcc -c -g -O2   -I$(top_srcdir)/include -fpic  conftest.c >&5
configure:6109: $? = 0
configure:6112: test -s conftest.o
configure:6115: $? = 0
configure:6125: result: yes
configure:6129: checking readline/readline.h presence
configure:6140: gcc -E  conftest.c
configure:6146: $? = 0
configure:6165: result: yes
configure:6201: checking for readline/readline.h
configure:6208: result: yes
configure:6235: checking malloc.h usability
configure:6248: gcc -c -g -O2   -I$(top_srcdir)/include -fpic  conftest.c >&5
configure:6251: $? = 0
configure:6254: test -s conftest.o
configure:6257: $? = 0
configure:6267: result: yes
configure:6271: checking malloc.h presence
configure:6282: gcc -E  conftest.c
configure:6288: $? = 0
configure:6307: result: yes
configure:6343: checking for malloc.h
configure:6350: result: yes
configure:6379: checking hdf5.h usability
configure:6392: gcc -c -g -O2   -I$(top_srcdir)/include -fpic  conftest.c >&5
configure:6451:18: fatal error: hdf5.h: No such file or directory
 echo "$as_me:$LINENO: result: $ac_header_preproc" >&5
                  ^
compilation terminated.
configure:6395: $? = 1
configure: failed program was:
| #line 6381 "configure"
| /* confdefs.h.  */
| 
| #define PACKAGE_NAME ""
| #define PACKAGE_TARNAME ""
| #define PACKAGE_VERSION ""
| #define PACKAGE_STRING ""
| #define PACKAGE_BUGREPORT ""
| #define STDC_HEADERS 1
| #define HAVE_SYS_TYPES_H 1
| #define HAVE_SYS_STAT_H 1
| #define HAVE_STDLIB_H 1
| #define HAVE_STRING_H 1
| #define HAVE_MEMORY_H 1
| #define HAVE_STRINGS_H 1
| #define HAVE_INTTYPES_H 1
| #define HAVE_STDINT_H 1
| #define HAVE_UNISTD_H 1
| #define SIZEOF_INT_P 8
| #define PS_SYSV 1
| #define HAVE_LL_CONSTANTS 1
| #define HAVE_LIBC 1
| #define HAVE_PTHREAD_MUTEXATTR_SETTYPE 1
| #define HAVE_PTHREAD_MUTEXATTR_SETKIND 1
| #define HAVE_STDARG_H 1
| #define HAVE_FCNTL_H 1
| #define HAVE_STRINGS_H 1
| #define HAVE_SYS_IOCTL_H 1
| #define HAVE_SYSLOG_H 1
| #define HAVE_UNISTD_H 1
| #define HAVE_NETDB_H 1
| #define HAVE_RESOLV_H 1
| #define HAVE_DLFCN_H 1
| #define HAVE_SYS_RESOURCE_H 1
| #define HAVE_READLINE_READLINE_H 1
| #define HAVE_MALLOC_H 1
| /* end confdefs.h.  */
| #include <stdio.h>
| #if HAVE_SYS_TYPES_H
| # include <sys/types.h>
| #endif
| #if HAVE_SYS_STAT_H
| # include <sys/stat.h>
| #endif
| #if STDC_HEADERS
| # include <stdlib.h>
| # include <stddef.h>
| #else
| # if HAVE_STDLIB_H
| #  include <stdlib.h>
| # endif
| #endif
| #if HAVE_STRING_H
| # if !STDC_HEADERS && HAVE_MEMORY_H
| #  include <memory.h>
| # endif
| # include <string.h>
| #endif
| #if HAVE_STRINGS_H
| # include <strings.h>
| #endif
| #if HAVE_INTTYPES_H
| # include <inttypes.h>
| #else
| # if HAVE_STDINT_H
| #  include <stdint.h>
| # endif
| #endif
| #if HAVE_UNISTD_H
| # include <unistd.h>
| #endif
| #include <hdf5.h>
configure:6411: result: no
configure:6415: checking hdf5.h presence
configure:6426: gcc -E  conftest.c
configure:6453:18: fatal error: hdf5.h: No such file or directory
 
                  ^
compilation terminated.
configure:6432: $? = 1
configure: failed program was:
| #line 6417 "configure"
| /* confdefs.h.  */
| 
| #define PACKAGE_NAME ""
| #define PACKAGE_TARNAME ""
| #define PACKAGE_VERSION ""
| #define PACKAGE_STRING ""
| #define PACKAGE_BUGREPORT ""
| #define STDC_HEADERS 1
| #define HAVE_SYS_TYPES_H 1
| #define HAVE_SYS_STAT_H 1
| #define HAVE_STDLIB_H 1
| #define HAVE_STRING_H 1
| #define HAVE_MEMORY_H 1
| #define HAVE_STRINGS_H 1
| #define HAVE_INTTYPES_H 1
| #define HAVE_STDINT_H 1
| #define HAVE_UNISTD_H 1
| #define SIZEOF_INT_P 8
| #define PS_SYSV 1
| #define HAVE_LL_CONSTANTS 1
| #define HAVE_LIBC 1
| #define HAVE_PTHREAD_MUTEXATTR_SETTYPE 1
| #define HAVE_PTHREAD_MUTEXATTR_SETKIND 1
| #define HAVE_STDARG_H 1
| #define HAVE_FCNTL_H 1
| #define HAVE_STRINGS_H 1
| #define HAVE_SYS_IOCTL_H 1
| #define HAVE_SYSLOG_H 1
| #define HAVE_UNISTD_H 1
| #define HAVE_NETDB_H 1
| #define HAVE_RESOLV_H 1
| #define HAVE_DLFCN_H 1
| #define HAVE_SYS_RESOURCE_H 1
| #define HAVE_READLINE_READLINE_H 1
| #define HAVE_MALLOC_H 1
| /* end confdefs.h.  */
| #include <hdf5.h>
configure:6451: result: no
configure:6487: checking for hdf5.h
configure:6494: result: no
configure:6583: checking for /usr/java/jdk1.7.0_25/include/jni.h
configure:6598: result: yes
configure:6605: checking for /usr/java/jdk1.7.0_25/include/linux/jni_md.h
configure:6620: result: yes
configure:6633: checking for an ANSI C-conforming const
configure:6701: gcc -c -g -O2   -I$(top_srcdir)/include -fpic  conftest.c >&5
configure:6704: $? = 0
configure:6707: test -s conftest.o
configure:6710: $? = 0
configure:6721: result: yes
configure:6731: checking whether time.h and sys/time.h may both be included
configure:6757: gcc -c -g -O2   -I$(top_srcdir)/include -fpic  conftest.c >&5
configure:6760: $? = 0
configure:6763: test -s conftest.o
configure:6766: $? = 0
configure:6777: result: yes
configure:6787: checking whether struct tm is in sys/time.h or time.h
configure:6811: gcc -c -g -O2   -I$(top_srcdir)/include -fpic  conftest.c >&5
configure:6814: $? = 0
configure:6817: test -s conftest.o
configure:6820: $? = 0
configure:6831: result: time.h
configure:6841: checking return type of signal handlers
configure:6873: gcc -c -g -O2   -I$(top_srcdir)/include -fpic  conftest.c >&5
configure:6876: $? = 0
configure:6879: test -s conftest.o
configure:6882: $? = 0
configure:6893: result: void
configure:6901: checking for size_t
configure:6926: gcc -c -g -O2   -I$(top_srcdir)/include -fpic  conftest.c >&5
configure:6929: $? = 0
configure:6932: test -s conftest.o
configure:6935: $? = 0
configure:6946: result: yes
configure:6959: checking if we should use named semaphores
configure:6970: gcc -E  conftest.c
configure:6976: $? = 0
configure:7034: result:  no
configure:7051: checking sys/msg.h usability
configure:7064: gcc -c -g -O2   -I$(top_srcdir)/include -fpic  conftest.c >&5
configure:7067: $? = 0
configure:7070: test -s conftest.o
configure:7073: $? = 0
configure:7083: result: yes
configure:7087: checking sys/msg.h presence
configure:7098: gcc -E  conftest.c
configure:7104: $? = 0
configure:7123: result: yes
configure:7159: checking for sys/msg.h
configure:7166: result: yes
configure:7351: checking for tm_gmtoff in struct tm
configure:7373: gcc -o conftest -g -O2   -I$(top_srcdir)/include -fpic   conftest.c -lc  >&5
configure:7376: $? = 0
configure:7379: test -s conftest
configure:7382: $? = 0
configure:7393: result: yes
configure:7453: checking for semun union declaration
configure:7473: gcc -c -g -O2   -I$(top_srcdir)/include -fpic  conftest.c >&5
configure: In function 'main':
configure:7500:13: error: storage size of 'arg' isn't known
 
             ^
configure:7476: $? = 1
configure: failed program was:
| #line 7455 "configure"
| /* confdefs.h.  */
| 
| #define PACKAGE_NAME ""
| #define PACKAGE_TARNAME ""
| #define PACKAGE_VERSION ""
| #define PACKAGE_STRING ""
| #define PACKAGE_BUGREPORT ""
| #define STDC_HEADERS 1
| #define HAVE_SYS_TYPES_H 1
| #define HAVE_SYS_STAT_H 1
| #define HAVE_STDLIB_H 1
| #define HAVE_STRING_H 1
| #define HAVE_MEMORY_H 1
| #define HAVE_STRINGS_H 1
| #define HAVE_INTTYPES_H 1
| #define HAVE_STDINT_H 1
| #define HAVE_UNISTD_H 1
| #define SIZEOF_INT_P 8
| #define PS_SYSV 1
| #define HAVE_LL_CONSTANTS 1
| #define HAVE_LIBC 1
| #define HAVE_PTHREAD_MUTEXATTR_SETTYPE 1
| #define HAVE_PTHREAD_MUTEXATTR_SETKIND 1
| #define HAVE_STDARG_H 1
| #define HAVE_FCNTL_H 1
| #define HAVE_STRINGS_H 1
| #define HAVE_SYS_IOCTL_H 1
| #define HAVE_SYSLOG_H 1
| #define HAVE_UNISTD_H 1
| #define HAVE_NETDB_H 1
| #define HAVE_RESOLV_H 1
| #define HAVE_DLFCN_H 1
| #define HAVE_SYS_RESOURCE_H 1
| #define HAVE_READLINE_READLINE_H 1
| #define HAVE_MALLOC_H 1
| #define TIME_WITH_SYS_TIME 1
| #define RETSIGTYPE void
| #define HAVE_SYS_MSG_H 1
| #define USE_TM_GMTOFF 1
| /* end confdefs.h.  */
| #include <sys/types.h>
| #include <sys/sem.h>
| int
| main ()
| {
| union semun arg;
|   ;
|   return 0;
| }
configure:7498: result: no
configure:7501: checking for sigvec structure declaration
configure:7520: gcc -c -g -O2   -I$(top_srcdir)/include -fpic  conftest.c >&5
configure:7523: $? = 0
configure:7526: test -s conftest.o
configure:7529: $? = 0
configure:7545: result: yes
configure:7548: checking whether we need to type shmat
configure:7567: gcc -c -g -O2   -I$(top_srcdir)/include -fpic  conftest.c >&5
configure: In function 'main':
configure:7595:7: error: conflicting types for 'shmat'
 echo "$as_me:$LINENO: checking for two byte fd in *FILE" >&5
       ^
In file included from configure:7591:0:
/usr/include/sys/shm.h:56:14: note: previous declaration of 'shmat' was here
 extern void *shmat (int __shmid, const void *__shmaddr, int __shmflg)
              ^
configure:7570: $? = 1
configure: failed program was:
| #line 7550 "configure"
| /* confdefs.h.  */
| 
| #define PACKAGE_NAME ""
| #define PACKAGE_TARNAME ""
| #define PACKAGE_VERSION ""
| #define PACKAGE_STRING ""
| #define PACKAGE_BUGREPORT ""
| #define STDC_HEADERS 1
| #define HAVE_SYS_TYPES_H 1
| #define HAVE_SYS_STAT_H 1
| #define HAVE_STDLIB_H 1
| #define HAVE_STRING_H 1
| #define HAVE_MEMORY_H 1
| #define HAVE_STRINGS_H 1
| #define HAVE_INTTYPES_H 1
| #define HAVE_STDINT_H 1
| #define HAVE_UNISTD_H 1
| #define SIZEOF_INT_P 8
| #define PS_SYSV 1
| #define HAVE_LL_CONSTANTS 1
| #define HAVE_LIBC 1
| #define HAVE_PTHREAD_MUTEXATTR_SETTYPE 1
| #define HAVE_PTHREAD_MUTEXATTR_SETKIND 1
| #define HAVE_STDARG_H 1
| #define HAVE_FCNTL_H 1
| #define HAVE_STRINGS_H 1
| #define HAVE_SYS_IOCTL_H 1
| #define HAVE_SYSLOG_H 1
| #define HAVE_UNISTD_H 1
| #define HAVE_NETDB_H 1
| #define HAVE_RESOLV_H 1
| #define HAVE_DLFCN_H 1
| #define HAVE_SYS_RESOURCE_H 1
| #define HAVE_READLINE_READLINE_H 1
| #define HAVE_MALLOC_H 1
| #define TIME_WITH_SYS_TIME 1
| #define RETSIGTYPE void
| #define HAVE_SYS_MSG_H 1
| #define USE_TM_GMTOFF 1
| #define NEED_SEMUN 1
| /* end confdefs.h.  */
| #include <sys/shm.h>
| int
| main ()
| {
| char *shmat();
|   ;
|   return 0;
| }
configure:7592: result: no
configure:7595: checking for two byte fd in *FILE
configure:7621: result: no
configure:7625: checking whether gcc needs -traditional
configure:7669: result: no
configure:7676: checking for ANSI C header files
configure:7826: result: yes
configure:7843: checking for gethostname
configure:7893: gcc -o conftest -g -O2   -I$(top_srcdir)/include -fpic   conftest.c -lc  >&5
configure:7896: $? = 0
configure:7899: test -s conftest
configure:7902: $? = 0
configure:7913: result: yes
configure:7843: checking for gettimeofday
configure:7893: gcc -o conftest -g -O2   -I$(top_srcdir)/include -fpic   conftest.c -lc  >&5
configure:7896: $? = 0
configure:7899: test -s conftest
configure:7902: $? = 0
configure:7913: result: yes
configure:7843: checking for select
configure:7893: gcc -o conftest -g -O2   -I$(top_srcdir)/include -fpic   conftest.c -lc  >&5
configure:7896: $? = 0
configure:7899: test -s conftest
configure:7902: $? = 0
configure:7913: result: yes
configure:7843: checking for socket
configure:7893: gcc -o conftest -g -O2   -I$(top_srcdir)/include -fpic   conftest.c -lc  >&5
configure:7896: $? = 0
configure:7899: test -s conftest
configure:7902: $? = 0
configure:7913: result: yes
configure:7928: checking for sigvec
configure:7978: gcc -o conftest -g -O2   -I$(top_srcdir)/include -fpic   conftest.c -lc  >&5
configure:7981: $? = 0
configure:7984: test -s conftest
configure:7987: $? = 0
configure:7998: result: yes
configure:7928: checking for sigvector
configure:7978: gcc -o conftest -g -O2   -I$(top_srcdir)/include -fpic   conftest.c -lc  >&5
/tmp/ccu8B0l1.o: In function `main':
/home/pgm/PROJECTS/ACQ400/TOOLS/MDSSHELL/mdsplus/configure:8012: undefined reference to `sigvector'
/tmp/ccu8B0l1.o:(.data.rel+0x0): undefined reference to `sigvector'
collect2: error: ld returned 1 exit status
configure:7981: $? = 1
configure: failed program was:
| #line 7933 "configure"
| /* confdefs.h.  */
| 
| #define PACKAGE_NAME ""
| #define PACKAGE_TARNAME ""
| #define PACKAGE_VERSION ""
| #define PACKAGE_STRING ""
| #define PACKAGE_BUGREPORT ""
| #define STDC_HEADERS 1
| #define HAVE_SYS_TYPES_H 1
| #define HAVE_SYS_STAT_H 1
| #define HAVE_STDLIB_H 1
| #define HAVE_STRING_H 1
| #define HAVE_MEMORY_H 1
| #define HAVE_STRINGS_H 1
| #define HAVE_INTTYPES_H 1
| #define HAVE_STDINT_H 1
| #define HAVE_UNISTD_H 1
| #define SIZEOF_INT_P 8
| #define PS_SYSV 1
| #define HAVE_LL_CONSTANTS 1
| #define HAVE_LIBC 1
| #define HAVE_PTHREAD_MUTEXATTR_SETTYPE 1
| #define HAVE_PTHREAD_MUTEXATTR_SETKIND 1
| #define HAVE_STDARG_H 1
| #define HAVE_FCNTL_H 1
| #define HAVE_STRINGS_H 1
| #define HAVE_SYS_IOCTL_H 1
| #define HAVE_SYSLOG_H 1
| #define HAVE_UNISTD_H 1
| #define HAVE_NETDB_H 1
| #define HAVE_RESOLV_H 1
| #define HAVE_DLFCN_H 1
| #define HAVE_SYS_RESOURCE_H 1
| #define HAVE_READLINE_READLINE_H 1
| #define HAVE_MALLOC_H 1
| #define TIME_WITH_SYS_TIME 1
| #define RETSIGTYPE void
| #define HAVE_SYS_MSG_H 1
| #define USE_TM_GMTOFF 1
| #define NEED_SEMUN 1
| #define STDC_HEADERS 1
| #define HAVE_GETHOSTNAME 1
| #define HAVE_GETTIMEOFDAY 1
| #define HAVE_SELECT 1
| #define HAVE_SOCKET 1
| #define HAVE_SIGVEC 1
| /* end confdefs.h.  */
| /* System header to define __stub macros and hopefully few prototypes,
|     which can conflict with char sigvector (); below.
|     Prefer <limits.h> to <assert.h> if __STDC__ is defined, since
|     <limits.h> exists even on freestanding compilers.  */
| #ifdef __STDC__
| # include <limits.h>
| #else
| # include <assert.h>
| #endif
| /* Override any gcc2 internal prototype to avoid an error.  */
| #ifdef __cplusplus
| extern "C"
| {
| #endif
| /* We use char because int might match the return type of a gcc2
|    builtin and then its argument prototype would still apply.  */
| char sigvector ();
| /* The GNU C library defines this for functions which it implements
|     to always fail with ENOSYS.  Some functions are actually named
|     something starting with __ and the normal name is an alias.  */
| #if defined (__stub_sigvector) || defined (__stub___sigvector)
| choke me
| #else
| char (*f) () = sigvector;
| #endif
| #ifdef __cplusplus
| }
| #endif
| 
| int
| main ()
| {
| return f != sigvector;
|   ;
|   return 0;
| }
configure:7998: result: no
configure:8008: checking for malloc
configure:8058: gcc -o conftest -g -O2   -I$(top_srcdir)/include -fpic   conftest.c -lc  >&5
configure:8076:6: warning: conflicting types for built-in function 'malloc' [enabled by default]
 rm -f conftest.$ac_objext conftest$ac_exeext conftest.$ac_ext
      ^
configure:8061: $? = 0
configure:8064: test -s conftest
configure:8067: $? = 0
configure:8078: result: yes
configure:8081: checking for nis_local_host
configure:8131: gcc -o conftest -g -O2   -I$(top_srcdir)/include -fpic   conftest.c -lc  >&5
/tmp/ccGfmIH3.o: In function `main':
/home/pgm/PROJECTS/ACQ400/TOOLS/MDSSHELL/mdsplus/configure:8165: undefined reference to `nis_local_host'
/tmp/ccGfmIH3.o:(.data.rel+0x0): undefined reference to `nis_local_host'
collect2: error: ld returned 1 exit status
configure:8134: $? = 1
configure: failed program was:
| #line 8086 "configure"
| /* confdefs.h.  */
| 
| #define PACKAGE_NAME ""
| #define PACKAGE_TARNAME ""
| #define PACKAGE_VERSION ""
| #define PACKAGE_STRING ""
| #define PACKAGE_BUGREPORT ""
| #define STDC_HEADERS 1
| #define HAVE_SYS_TYPES_H 1
| #define HAVE_SYS_STAT_H 1
| #define HAVE_STDLIB_H 1
| #define HAVE_STRING_H 1
| #define HAVE_MEMORY_H 1
| #define HAVE_STRINGS_H 1
| #define HAVE_INTTYPES_H 1
| #define HAVE_STDINT_H 1
| #define HAVE_UNISTD_H 1
| #define SIZEOF_INT_P 8
| #define PS_SYSV 1
| #define HAVE_LL_CONSTANTS 1
| #define HAVE_LIBC 1
| #define HAVE_PTHREAD_MUTEXATTR_SETTYPE 1
| #define HAVE_PTHREAD_MUTEXATTR_SETKIND 1
| #define HAVE_STDARG_H 1
| #define HAVE_FCNTL_H 1
| #define HAVE_STRINGS_H 1
| #define HAVE_SYS_IOCTL_H 1
| #define HAVE_SYSLOG_H 1
| #define HAVE_UNISTD_H 1
| #define HAVE_NETDB_H 1
| #define HAVE_RESOLV_H 1
| #define HAVE_DLFCN_H 1
| #define HAVE_SYS_RESOURCE_H 1
| #define HAVE_READLINE_READLINE_H 1
| #define HAVE_MALLOC_H 1
| #define TIME_WITH_SYS_TIME 1
| #define RETSIGTYPE void
| #define HAVE_SYS_MSG_H 1
| #define USE_TM_GMTOFF 1
| #define NEED_SEMUN 1
| #define STDC_HEADERS 1
| #define HAVE_GETHOSTNAME 1
| #define HAVE_GETTIMEOFDAY 1
| #define HAVE_SELECT 1
| #define HAVE_SOCKET 1
| #define HAVE_SIGVEC 1
| /* end confdefs.h.  */
| /* System header to define __stub macros and hopefully few prototypes,
|     which can conflict with char nis_local_host (); below.
|     Prefer <limits.h> to <assert.h> if __STDC__ is defined, since
|     <limits.h> exists even on freestanding compilers.  */
| #ifdef __STDC__
| # include <limits.h>
| #else
| # include <assert.h>
| #endif
| /* Override any gcc2 internal prototype to avoid an error.  */
| #ifdef __cplusplus
| extern "C"
| {
| #endif
| /* We use char because int might match the return type of a gcc2
|    builtin and then its argument prototype would still apply.  */
| char nis_local_host ();
| /* The GNU C library defines this for functions which it implements
|     to always fail with ENOSYS.  Some functions are actually named
|     something starting with __ and the normal name is an alias.  */
| #if defined (__stub_nis_local_host) || defined (__stub___nis_local_host)
| choke me
| #else
| char (*f) () = nis_local_host;
| #endif
| #ifdef __cplusplus
| }
| #endif
| 
| int
| main ()
| {
| return f != nis_local_host;
|   ;
|   return 0;
| }
configure:8151: result: no
configure:8159: checking for malloc
configure:8229: result: yes
configure:8239: checking for SYBASE open/client
configure:8253: result: no sybase open/client
configure:8257: checking for idl
configure:8272: result: no idl
configure:8276: checking if idlsql should be built
configure:8285: result: missing at least one of idl and sql so no.
configure:8289: checking if mdssql should be built
configure:8298: result: missing sql so no.
configure:8306: checking whether byte ordering is bigendian
configure:8334: gcc -c -g -O2   -I$(top_srcdir)/include -fpic  conftest.c >&5
configure:8337: $? = 0
configure:8340: test -s conftest.o
configure:8343: $? = 0
configure:8368: gcc -c -g -O2   -I$(top_srcdir)/include -fpic  conftest.c >&5
configure: In function 'main':
configure:8401:2: error: unknown type name 'not'
 /* end confdefs.h.  */
  ^
configure:8401:10: error: expected '=', ',', ';', 'asm' or '__attribute__' before 'endian'
 /* end confdefs.h.  */
          ^
configure:8371: $? = 1
configure: failed program was:
| #line 8346 "configure"
| /* confdefs.h.  */
| 
| #define PACKAGE_NAME ""
| #define PACKAGE_TARNAME ""
| #define PACKAGE_VERSION ""
| #define PACKAGE_STRING ""
| #define PACKAGE_BUGREPORT ""
| #define STDC_HEADERS 1
| #define HAVE_SYS_TYPES_H 1
| #define HAVE_SYS_STAT_H 1
| #define HAVE_STDLIB_H 1
| #define HAVE_STRING_H 1
| #define HAVE_MEMORY_H 1
| #define HAVE_STRINGS_H 1
| #define HAVE_INTTYPES_H 1
| #define HAVE_STDINT_H 1
| #define HAVE_UNISTD_H 1
| #define SIZEOF_INT_P 8
| #define PS_SYSV 1
| #define HAVE_LL_CONSTANTS 1
| #define HAVE_LIBC 1
| #define HAVE_PTHREAD_MUTEXATTR_SETTYPE 1
| #define HAVE_PTHREAD_MUTEXATTR_SETKIND 1
| #define HAVE_STDARG_H 1
| #define HAVE_FCNTL_H 1
| #define HAVE_STRINGS_H 1
| #define HAVE_SYS_IOCTL_H 1
| #define HAVE_SYSLOG_H 1
| #define HAVE_UNISTD_H 1
| #define HAVE_NETDB_H 1
| #define HAVE_RESOLV_H 1
| #define HAVE_DLFCN_H 1
| #define HAVE_SYS_RESOURCE_H 1
| #define HAVE_READLINE_READLINE_H 1
| #define HAVE_MALLOC_H 1
| #define TIME_WITH_SYS_TIME 1
| #define RETSIGTYPE void
| #define HAVE_SYS_MSG_H 1
| #define USE_TM_GMTOFF 1
| #define NEED_SEMUN 1
| #define STDC_HEADERS 1
| #define HAVE_GETHOSTNAME 1
| #define HAVE_GETTIMEOFDAY 1
| #define HAVE_SELECT 1
| #define HAVE_SOCKET 1
| #define HAVE_SIGVEC 1
| #define SHARELIB_TYPE ".so"
| /* end confdefs.h.  */
| #include <sys/types.h>
| #include <sys/param.h>
| 
| int
| main ()
| {
| #if BYTE_ORDER != BIG_ENDIAN
|  not big endian
| #endif
| 
|   ;
|   return 0;
| }
configure:8491: result: no
configure:8511: checking whether char is unsigned
configure:8535: gcc -c -g -O2   -I$(top_srcdir)/include -fpic  conftest.c >&5
configure:8538: $? = 0
configure:8541: test -s conftest.o
configure:8544: $? = 0
configure:8555: result: no
configure:8564: checking for long
configure:8589: gcc -c -g -O2   -I$(top_srcdir)/include -fpic  conftest.c >&5
configure:8592: $? = 0
configure:8595: test -s conftest.o
configure:8598: $? = 0
configure:8609: result: yes
configure:8612: checking size of long
configure:8887: gcc -o conftest -g -O2   -I$(top_srcdir)/include -fpic   conftest.c -lc  >&5
configure:8890: $? = 0
configure:8892: ./conftest
configure:8895: $? = 0
configure:8918: result: 8
configure:8925: checking for long long
configure:8950: gcc -c -g -O2   -I$(top_srcdir)/include -fpic  conftest.c >&5
configure:8953: $? = 0
configure:8956: test -s conftest.o
configure:8959: $? = 0
configure:8970: result: yes
configure:8973: checking size of long long
configure:9248: gcc -o conftest -g -O2   -I$(top_srcdir)/include -fpic   conftest.c -lc  >&5
configure:9251: $? = 0
configure:9253: ./conftest
configure:9256: $? = 0
configure:9279: result: 8
configure:9286: checking for _int64
configure:9311: gcc -c -g -O2   -I$(top_srcdir)/include -fpic  conftest.c >&5
configure: In function 'main':
configure:9378:6: error: '_int64' undeclared (first use in this function)
     cat >conftest.$ac_ext <<_ACEOF
      ^
configure:9378:6: note: each undeclared identifier is reported only once for each function it appears in
configure:9378:14: error: expected expression before ')' token
     cat >conftest.$ac_ext <<_ACEOF
              ^
configure:9314: $? = 1
configure: failed program was:
| #line 9291 "configure"
| /* confdefs.h.  */
| 
| #define PACKAGE_NAME ""
| #define PACKAGE_TARNAME ""
| #define PACKAGE_VERSION ""
| #define PACKAGE_STRING ""
| #define PACKAGE_BUGREPORT ""
| #define STDC_HEADERS 1
| #define HAVE_SYS_TYPES_H 1
| #define HAVE_SYS_STAT_H 1
| #define HAVE_STDLIB_H 1
| #define HAVE_STRING_H 1
| #define HAVE_MEMORY_H 1
| #define HAVE_STRINGS_H 1
| #define HAVE_INTTYPES_H 1
| #define HAVE_STDINT_H 1
| #define HAVE_UNISTD_H 1
| #define SIZEOF_INT_P 8
| #define PS_SYSV 1
| #define HAVE_LL_CONSTANTS 1
| #define HAVE_LIBC 1
| #define HAVE_PTHREAD_MUTEXATTR_SETTYPE 1
| #define HAVE_PTHREAD_MUTEXATTR_SETKIND 1
| #define HAVE_STDARG_H 1
| #define HAVE_FCNTL_H 1
| #define HAVE_STRINGS_H 1
| #define HAVE_SYS_IOCTL_H 1
| #define HAVE_SYSLOG_H 1
| #define HAVE_UNISTD_H 1
| #define HAVE_NETDB_H 1
| #define HAVE_RESOLV_H 1
| #define HAVE_DLFCN_H 1
| #define HAVE_SYS_RESOURCE_H 1
| #define HAVE_READLINE_READLINE_H 1
| #define HAVE_MALLOC_H 1
| #define TIME_WITH_SYS_TIME 1
| #define RETSIGTYPE void
| #define HAVE_SYS_MSG_H 1
| #define USE_TM_GMTOFF 1
| #define NEED_SEMUN 1
| #define STDC_HEADERS 1
| #define HAVE_GETHOSTNAME 1
| #define HAVE_GETTIMEOFDAY 1
| #define HAVE_SELECT 1
| #define HAVE_SOCKET 1
| #define HAVE_SIGVEC 1
| #define SHARELIB_TYPE ".so"
| #define SIZEOF_LONG 8
| #define SIZEOF_LONG_LONG 8
| /* end confdefs.h.  */
| #include <stdio.h>
| #if HAVE_SYS_TYPES_H
| # include <sys/types.h>
| #endif
| #if HAVE_SYS_STAT_H
| # include <sys/stat.h>
| #endif
| #if STDC_HEADERS
| # include <stdlib.h>
| # include <stddef.h>
| #else
| # if HAVE_STDLIB_H
| #  include <stdlib.h>
| # endif
| #endif
| #if HAVE_STRING_H
| # if !STDC_HEADERS && HAVE_MEMORY_H
| #  include <memory.h>
| # endif
| # include <string.h>
| #endif
| #if HAVE_STRINGS_H
| # include <strings.h>
| #endif
| #if HAVE_INTTYPES_H
| # include <inttypes.h>
| #else
| # if HAVE_STDINT_H
| #  include <stdint.h>
| # endif
| #endif
| #if HAVE_UNISTD_H
| # include <unistd.h>
| #endif
| int
| main ()
| {
| if ((_int64 *) 0)
|   return 0;
| if (sizeof (_int64))
|   return 0;
|   ;
|   return 0;
| }
configure:9331: result: no
configure:9334: checking size of _int64
configure:9640: result: 0
configure:9647: checking for X
configure:9753: gcc -E  conftest.c
configure:9759: $? = 0
configure:9809: gcc -o conftest -g -O2   -I$(top_srcdir)/include -fpic   conftest.c -lXt -lc  >&5
configure:9812: $? = 0
configure:9815: test -s conftest
configure:9818: $? = 0
configure:9867: result: libraries , headers 
configure:10020: gcc -o conftest -g -O2   -I$(top_srcdir)/include -fpic   conftest.c -lc   -lX11 >&5
configure:10023: $? = 0
configure:10026: test -s conftest
configure:10029: $? = 0
configure:10166: checking for gethostbyname
configure:10216: gcc -o conftest -g -O2   -I$(top_srcdir)/include -fpic   conftest.c -lc  >&5
configure:10219: $? = 0
configure:10222: test -s conftest
configure:10225: $? = 0
configure:10236: result: yes
configure:10367: checking for connect
configure:10417: gcc -o conftest -g -O2   -I$(top_srcdir)/include -fpic   conftest.c -lc  >&5
configure:10420: $? = 0
configure:10423: test -s conftest
configure:10426: $? = 0
configure:10437: result: yes
configure:10502: checking for remove
configure:10552: gcc -o conftest -g -O2   -I$(top_srcdir)/include -fpic   conftest.c -lc  >&5
configure:10555: $? = 0
configure:10558: test -s conftest
configure:10561: $? = 0
configure:10572: result: yes
configure:10637: checking for shmat
configure:10687: gcc -o conftest -g -O2   -I$(top_srcdir)/include -fpic   conftest.c -lc  >&5
configure:10690: $? = 0
configure:10693: test -s conftest
configure:10696: $? = 0
configure:10707: result: yes
configure:10781: checking for IceConnectionNumber in -lICE
configure:10812: gcc -o conftest -g -O2   -I$(top_srcdir)/include -fpic   conftest.c -lICE  -lc  >&5
configure:10815: $? = 0
configure:10818: test -s conftest
configure:10821: $? = 0
configure:10833: result: yes
configure:10845: checking for uil
configure:10877: result: uil
configure:10886: checking for javac
configure:10904: found /usr/bin/javac
configure:10917: result: /usr/bin/javac
configure:10926: checking for jar
configure:10944: found /usr/bin/jar
configure:10957: result: /usr/bin/jar
configure:10972: checking for XextAddDisplay in -lXext
configure:11003: gcc -o conftest -g -O2   -I$(top_srcdir)/include -fpic   conftest.c -lXext  -lc  >&5
configure:11006: $? = 0
configure:11009: test -s conftest
configure:11012: $? = 0
configure:11024: result: yes
configure:11033: checking for XpGetDocumentData in -lXp
configure:11064: gcc -o conftest -g -O2   -I$(top_srcdir)/include -fpic   -lXext conftest.c -lXp  -lc  >&5
/usr/bin/ld: cannot find -lXp
collect2: error: ld returned 1 exit status
configure:11067: $? = 1
configure: failed program was:
| #line 11040 "configure"
| /* confdefs.h.  */
| 
| #define PACKAGE_NAME ""
| #define PACKAGE_TARNAME ""
| #define PACKAGE_VERSION ""
| #define PACKAGE_STRING ""
| #define PACKAGE_BUGREPORT ""
| #define STDC_HEADERS 1
| #define HAVE_SYS_TYPES_H 1
| #define HAVE_SYS_STAT_H 1
| #define HAVE_STDLIB_H 1
| #define HAVE_STRING_H 1
| #define HAVE_MEMORY_H 1
| #define HAVE_STRINGS_H 1
| #define HAVE_INTTYPES_H 1
| #define HAVE_STDINT_H 1
| #define HAVE_UNISTD_H 1
| #define SIZEOF_INT_P 8
| #define PS_SYSV 1
| #define HAVE_LL_CONSTANTS 1
| #define HAVE_LIBC 1
| #define HAVE_PTHREAD_MUTEXATTR_SETTYPE 1
| #define HAVE_PTHREAD_MUTEXATTR_SETKIND 1
| #define HAVE_STDARG_H 1
| #define HAVE_FCNTL_H 1
| #define HAVE_STRINGS_H 1
| #define HAVE_SYS_IOCTL_H 1
| #define HAVE_SYSLOG_H 1
| #define HAVE_UNISTD_H 1
| #define HAVE_NETDB_H 1
| #define HAVE_RESOLV_H 1
| #define HAVE_DLFCN_H 1
| #define HAVE_SYS_RESOURCE_H 1
| #define HAVE_READLINE_READLINE_H 1
| #define HAVE_MALLOC_H 1
| #define TIME_WITH_SYS_TIME 1
| #define RETSIGTYPE void
| #define HAVE_SYS_MSG_H 1
| #define USE_TM_GMTOFF 1
| #define NEED_SEMUN 1
| #define STDC_HEADERS 1
| #define HAVE_GETHOSTNAME 1
| #define HAVE_GETTIMEOFDAY 1
| #define HAVE_SELECT 1
| #define HAVE_SOCKET 1
| #define HAVE_SIGVEC 1
| #define SHARELIB_TYPE ".so"
| #define SIZEOF_LONG 8
| #define SIZEOF_LONG_LONG 8
| #define SIZEOF__INT64 0
| /* end confdefs.h.  */
| 
| /* Override any gcc2 internal prototype to avoid an error.  */
| #ifdef __cplusplus
| extern "C"
| #endif
| /* We use char because int might match the return type of a gcc2
|    builtin and then its argument prototype would still apply.  */
| char XpGetDocumentData ();
| int
| main ()
| {
| XpGetDocumentData ();
|   ;
|   return 0;
| }
configure:11085: result: no
configure:11295: creating ./config.status

## ---------------------- ##
## Running config.status. ##
## ---------------------- ##

This file was extended by config.status, which was
generated by GNU Autoconf 2.57.  Invocation command line was

  CONFIG_FILES    = 
  CONFIG_HEADERS  = 
  CONFIG_LINKS    = 
  CONFIG_COMMANDS = 
  $ ./config.status 

on hoy3

config.status:761: creating Makefile
config.status:761: creating envsyms
config.status:761: creating actions/Makefile
config.status:761: creating camshr/Makefile
config.status:761: creating ccl/Makefile
config.status:761: creating cdu/Makefile
config.status:761: creating d3dshr/Makefile
config.status:761: creating dwscope/Makefile
config.status:761: creating gen_device/Makefile
config.status:761: creating hdf5/Makefile
config.status:761: creating idlmdsevent/Makefile
config.status:761: creating idlmdswidgets/Makefile
config.status:761: creating idlsql/Makefile
config.status:761: creating javaclient/Makefile
config.status:761: creating javadispatcher/Makefile
config.status:761: creating javamds/Makefile
config.status:761: creating javascope/Makefile
config.status:761: creating javatraverser/Makefile
config.status:761: creating manpages/Makefile
config.status:761: creating math/Makefile
config.status:761: creating math/csint.f
config.status:761: creating math/dsvrgn.f
config.status:761: creating math/svign.f
config.status:761: creating math/svrgn.f
config.status:761: creating math/umach.f
config.status:761: creating mdsdcl/Makefile
config.status:761: creating mdsjet/Makefile
config.status:761: creating mdsip_xio/Makefile
config.status:761: creating mdslib/Makefile
config.status:761: creating mdslibidl/Makefile
config.status:761: creating mdsmisc/Makefile
config.status:761: creating mdsshr/Makefile
config.status:761: creating mdssql/Makefile
config.status:761: creating mdstcpip/Makefile
config.status:761: creating mdsvme/Makefile
config.status:761: creating mitdevices/Makefile
config.status:761: creating remcam/Makefile
config.status:761: creating rpm/Makefile
config.status:761: creating rpm/envsyms
config.status:761: creating rpm/post_install_script
config.status:761: creating scripts/Makefile
config.status:761: creating servershr/Makefile
config.status:761: creating setevent/Makefile
config.status:761: creating tcl/Makefile
config.status:761: creating tdishr/Makefile
config.status:761: creating tdic/Makefile
config.status:761: creating tditest/Makefile
config.status:761: creating traverser/Makefile
config.status:761: creating treeshr/Makefile
config.status:761: creating wfevent/Makefile
config.status:761: creating xmdsshr/Makefile
config.status:864: creating include/config.h

## ---------------- ##
## Cache variables. ##
## ---------------- ##

ac_cv_build=x86_64-unknown-linux-gnu
ac_cv_build_alias=x86_64-unknown-linux-gnu
ac_cv_c_bigendian=no
ac_cv_c_char_unsigned=no
ac_cv_c_compiler_gnu=yes
ac_cv_c_const=yes
ac_cv_env_CC_set=
ac_cv_env_CC_value=
ac_cv_env_CFLAGS_set=
ac_cv_env_CFLAGS_value=
ac_cv_env_CPPFLAGS_set=
ac_cv_env_CPPFLAGS_value=
ac_cv_env_CPP_set=
ac_cv_env_CPP_value=
ac_cv_env_F77_set=
ac_cv_env_F77_value=
ac_cv_env_FFLAGS_set=
ac_cv_env_FFLAGS_value=
ac_cv_env_LDFLAGS_set=
ac_cv_env_LDFLAGS_value=
ac_cv_env_build_alias_set=
ac_cv_env_build_alias_value=
ac_cv_env_host_alias_set=
ac_cv_env_host_alias_value=
ac_cv_env_target_alias_set=
ac_cv_env_target_alias_value=
ac_cv_exeext=
ac_cv_f77_compiler_gnu=yes
ac_cv_file__usr_java_jdk1_7_0_25_include_jni_h=yes
ac_cv_file__usr_java_jdk1_7_0_25_include_linux_jni_md_h=yes
ac_cv_func_connect=yes
ac_cv_func_gethostbyname=yes
ac_cv_func_gethostname=yes
ac_cv_func_gettimeofday=yes
ac_cv_func_malloc=yes
ac_cv_func_nis_local_host=no
ac_cv_func_remove=yes
ac_cv_func_select=yes
ac_cv_func_shmat=yes
ac_cv_func_sigvec=yes
ac_cv_func_sigvector=no
ac_cv_func_socket=yes
ac_cv_have_x='have_x=yes 		ac_x_includes= ac_x_libraries='
ac_cv_header_dl_h=no
ac_cv_header_dlfcn_h=yes
ac_cv_header_fcntl_h=yes
ac_cv_header_hdf5_h=no
ac_cv_header_inttypes_h=yes
ac_cv_header_malloc_h=yes
ac_cv_header_memory_h=yes
ac_cv_header_netdb_h=yes
ac_cv_header_readline_readline_h=yes
ac_cv_header_resolv_h=yes
ac_cv_header_stdarg_h=yes
ac_cv_header_stdc=yes
ac_cv_header_stdint_h=yes
ac_cv_header_stdlib_h=yes
ac_cv_header_string_h=yes
ac_cv_header_strings_h=yes
ac_cv_header_sys_filio_h=no
ac_cv_header_sys_ioctl_h=yes
ac_cv_header_sys_msg_h=yes
ac_cv_header_sys_resource_h=yes
ac_cv_header_sys_stat_h=yes
ac_cv_header_sys_types_h=yes
ac_cv_header_syslog_h=yes
ac_cv_header_time=yes
ac_cv_header_unistd_h=yes
ac_cv_header_vxWorks_h=no
ac_cv_header_windows_h=no
ac_cv_host=x86_64-unknown-linux-gnu
ac_cv_host_alias=x86_64-unknown-linux-gnu
ac_cv_lib_ICE_IceConnectionNumber=yes
ac_cv_lib_Xext_XextAddDisplay=yes
ac_cv_lib_Xp_XpGetDocumentData=no
ac_cv_lib_c_gethostbyname=yes
ac_cv_lib_c_printf=yes
ac_cv_lib_c_socket=yes
ac_cv_lib_dl_dlopen=yes
ac_cv_lib_dld_shl_load=no
ac_cv_lib_dnet_stub_gethostbyname=no
ac_cv_lib_exc___Ots_CSpecificHandler=no
ac_cv_lib_m_pow=yes
ac_cv_lib_pthread___pthread_lock_global_np=no
ac_cv_lib_pthread_pthread_kill=yes
ac_cv_lib_pthread_pthread_lock_global_np=no
ac_cv_lib_pthread_pthread_mutexattr_setkind_np=yes
ac_cv_lib_pthread_pthread_mutexattr_settype=yes
ac_cv_lib_readline_readline=yes
ac_cv_lib_resolv___dn_skipname=yes
ac_cv_objext=o
ac_cv_path_JAR=/usr/bin/jar
ac_cv_path_JAVAC=/usr/bin/javac
ac_cv_path_UIL=uil
ac_cv_prog_CPP='gcc -E'
ac_cv_prog_ac_ct_CC=gcc
ac_cv_prog_ac_ct_F77=f95
ac_cv_prog_ac_ct_RANLIB=ranlib
ac_cv_prog_cc_g=yes
ac_cv_prog_cc_stdc=
ac_cv_prog_egrep='grep -E'
ac_cv_prog_f77_g=yes
ac_cv_prog_gcc_traditional=no
ac_cv_sizeof__int64=0
ac_cv_sizeof_int_p=8
ac_cv_sizeof_long=8
ac_cv_sizeof_long_long=8
ac_cv_struct_tm=time.h
ac_cv_target=x86_64-unknown-linux-gnu
ac_cv_target_alias=x86_64-unknown-linux-gnu
ac_cv_type__int64=no
ac_cv_type_int_p=yes
ac_cv_type_long=yes
ac_cv_type_long_long=yes
ac_cv_type_signal=void
ac_cv_type_size_t=yes
mdsplus_cv_tm_gmtoff_in_tm=yes

## ----------------- ##
## Output variables. ##
## ----------------- ##

CAMSHR='camshr'
CC='gcc'
CFLAGS='-g -O2   -I$(top_srcdir)/include -fpic'
CPP='gcc -E'
CPPFLAGS=''
D3DLIB=''
D3D_FFLAGS=''
D3D_PACKAGE=''
DC1394_SUPPORT=''
DEFS='-DHAVE_CONFIG_H'
DNET_STUB=''
ECHO_C=''
ECHO_N='-n'
ECHO_T=''
EGREP='grep -E'
EXEEXT=''
EXPORTS_FILE=''
F77='f95'
FEXECLIBDIR='-L'
FFLAGS='-g -O2  -I$(top_srcdir)/include -fpic -Wno-globals -fno-backslash'
FORLD='g77'
FOR_LDFLAGS=''
GLOBUS_CFLAGS=''
GLOBUS_FLAVOR=''
GLOBUS_LIBS=''
GLOBUS_LOCATION=''
GROFF='groff'
GROFF_MAN_FLAGS='-t -man -Tascii'
HDF5_APS=''
HDF5_INCS=''
HDF5_LIBS=''
HUP_TO_INETD='kill -HUP `/sbin/pidof inetd`'
HUP_TO_XINETD='/etc/rc.d/init.d/xinetd restart'
IDLMDSEVENT=''
IDLMDSWIDGETS=''
IDLSQL=''
IDL_INC=''
IDL_LIB=''
JAR='/usr/bin/jar'
JAVAC='/usr/bin/javac'
JAVA_APS='$(JAVA_APS)'
JDK_CFLAGS='-I/usr/java/jdk1.7.0_25/include -I/usr/java/jdk1.7.0_25/include/linux'
JVM='-L/usr/java/jdk1.7.0_25/jre/lib/i386/client -ljvm -L/usr/java/jdk1.7.0_25/jre/lib/i386  -ljava -L/usr/java/jdk1.7.0_25/jre/lib/i386/native_threads -lhpi'
LD='ld'
LDARC='-Wl,-Bstatic '
LDFLAGS=''
LDSHARE='-Wl,-Bdynamic '
LD_LDARC='-Bstatic '
LD_LDSHARE='-Bdynamic '
LIBDC1394=''
LIBDL='-ldl'
LIBDLD=''
LIBM='-lm'
LIBNSL=''
LIBOBJS=''
LIBPATH='LD_LIBRARY_PATH'
LIBPTHREAD='-lpthread'
LIBREADLINE='-lreadline -lcurses'
LIBRESOLV='-lresolv'
LIBS='-lpthread -lc '
LIBSOCKET=''
LIBXEXT='-lXext'
LIBXP=''
LINKJNI='-shared '
LINKMODULE=''
LINKSHARED='-shared '
LOC='%loc'
LTLIBOBJS=''
MAKEBINDIR='$(top_srcdir)/bin/'
MAKEETCDIR='$(top_srcdir)/etc/'
MAKEJAVADIR='$(top_srcdir)/java/'
MAKELIBDIR='$(top_srcdir)/lib/'
MAKESHLIBDIR='$(top_srcdir)/lib/'
MAKESHLIBDIR_RULE=''
MAKEUIDDIR='$(top_srcdir)/uid/'
MDSSQL=''
MDSTCPIP='mdstcpip'
MDSVME=''
MEMCHKLIB=''
MITDEVICESIO_TARGETS='$(top_srcdir)/lib/libMitDevicesIO.so $(top_srcdir)/lib/libMitDevicesIO.a $(top_srcdir)/bin/daq_server'
MOTIF_LDARC=''
MOTIF_LDSHARE=''
MOTIF_LD_LDARC=''
MOTIF_LD_LDSHARE=''
NEED_SEMUN=''
OBJEXT='o'
PACKAGE_BUGREPORT=''
PACKAGE_NAME=''
PACKAGE_STRING=''
PACKAGE_TARNAME=''
PACKAGE_VERSION=''
PATH_SEPARATOR=':'
RANLIB='ranlib'
SHARETYPE='.so'
SHARETYPEJNI='.so'
SHARETYPEMOD=''
SHELL='/bin/sh'
SIZEOF_INT_P='8'
SYBASE_INC=''
SYBASE_LIB=''
TARGETSYS=''
TAR_EXCLUDE='--exclude'
UIL='uil'
USE_PIPED_MESSAGING=''
USE_SEMAPHORE_H=''
USE_TM_GMTOFF=''
XM_LIBS='-lMrm -lXm'
X_CFLAGS='-D_NO_DXm'
X_EXTRA_LIBS=''
X_LIBS=''
X_PRE_LIBS=' -lSM -lICE'
ac_ct_CC='gcc'
ac_ct_F77='f95'
ac_ct_RANLIB='ranlib'
bindir='${exec_prefix}/bin'
build='x86_64-unknown-linux-gnu'
build_alias=''
build_cpu='x86_64'
build_os='linux-gnu'
build_vendor='unknown'
datadir='${prefix}/share'
exec_prefix='/usr/local/mdsplus'
host='x86_64-unknown-linux-gnu'
host_alias=''
host_cpu='x86_64'
host_os='linux-gnu'
host_vendor='unknown'
includedir='${prefix}/include'
infodir='${prefix}/info'
libdir='${exec_prefix}/lib'
libexecdir='${exec_prefix}/libexec'
localstatedir='${prefix}/var'
mandir='${prefix}/man'
oldincludedir='/usr/include'
prefix='/usr/local/mdsplus'
program_transform_name='s,x,x,'
sbindir='${exec_prefix}/sbin'
sharedstatedir='${prefix}/com'
sysconfdir='${prefix}/etc'
target='x86_64-unknown-linux-gnu'
target_alias=''
target_cpu='x86_64'
target_os='linux-gnu'
target_vendor='unknown'
uiddir='/usr/local/mdsplus/uid'

## ----------- ##
## confdefs.h. ##
## ----------- ##

#define HAVE_DLFCN_H 1
#define HAVE_FCNTL_H 1
#define HAVE_GETHOSTNAME 1
#define HAVE_GETTIMEOFDAY 1
#define HAVE_INTTYPES_H 1
#define HAVE_LIBC 1
#define HAVE_LL_CONSTANTS 1
#define HAVE_MALLOC_H 1
#define HAVE_MEMORY_H 1
#define HAVE_NETDB_H 1
#define HAVE_PTHREAD_MUTEXATTR_SETKIND 1
#define HAVE_PTHREAD_MUTEXATTR_SETTYPE 1
#define HAVE_READLINE_READLINE_H 1
#define HAVE_RESOLV_H 1
#define HAVE_SELECT 1
#define HAVE_SIGVEC 1
#define HAVE_SOCKET 1
#define HAVE_STDARG_H 1
#define HAVE_STDINT_H 1
#define HAVE_STDLIB_H 1
#define HAVE_STRINGS_H 1
#define HAVE_STRINGS_H 1
#define HAVE_STRING_H 1
#define HAVE_SYSLOG_H 1
#define HAVE_SYS_IOCTL_H 1
#define HAVE_SYS_MSG_H 1
#define HAVE_SYS_RESOURCE_H 1
#define HAVE_SYS_STAT_H 1
#define HAVE_SYS_TYPES_H 1
#define HAVE_UNISTD_H 1
#define HAVE_UNISTD_H 1
#define NEED_SEMUN 1
#define PACKAGE_BUGREPORT ""
#define PACKAGE_NAME ""
#define PACKAGE_STRING ""
#define PACKAGE_TARNAME ""
#define PACKAGE_VERSION ""
#define PS_SYSV 1
#define RETSIGTYPE void
#define SHARELIB_TYPE ".so"
#define SIZEOF_INT_P 8
#define SIZEOF_LONG 8
#define SIZEOF_LONG_LONG 8
#define SIZEOF__INT64 0
#define STDC_HEADERS 1
#define STDC_HEADERS 1
#define TARGET_CPU x86_64
#define TARGET_OS linux-gnu
#define TARGET_VENDOR unknown
#define TIME_WITH_SYS_TIME 1
#define USE_TM_GMTOFF 1

configure: exit 0
